I,GEN,LogL,Ancestral,Decendant,Substitutions
0,0,-6.93314,,BNode0,[ ]
0,0,-6.93314,BNode0,Node0,[ ]
0,0,-6.93314,Node0,taxaA,[ ]
0,0,-6.93314,BNode0,Node1,[ ]
0,0,-6.93314,Node1,Node2,[ ]
0,0,-6.93314,Node2,Node3,[ ]
0,0,-6.93314,Node3,BNode1,[ ]
0,0,-6.93314,BNode1,Node4,[ ]
0,0,-6.93314,Node4,Node5,[ ]
0,0,-6.93314,Node5,Node6,[ ]
0,0,-6.93314,Node6,Node7,[ ]
0,0,-6.93314,Node7,Node8,[ ]
0,0,-6.93314,Node8,Node9,[ ]
0,0,-6.93314,Node9,Node10,[ ]
0,0,-6.93314,Node10,taxaB,[ ]
0,0,-6.93314,BNode1,Node11,[ ]
0,0,-6.93314,Node11,Node12,[ ]
0,0,-6.93314,Node12,Node13,[ ]
0,0,-6.93314,Node13,taxaC,[ ]
0,0,-6.93314,,MNode0,[ ]
0,0,-6.93314,MNode0,Node14,[ ]
0,0,-6.93314,Node14,taxaD,[ ]
0,0,-6.93314,MNode0,Node15,[ ]
0,0,-6.93314,Node15,taxaE,[ F7N ]
1,100,-6.91648,,BNode0,[ ]
1,100,-6.91648,BNode0,Node0,[ ]
1,100,-6.91648,Node0,taxaA,[ ]
1,100,-6.91648,BNode0,Node1,[ ]
1,100,-6.91648,Node1,Node2,[ ]
1,100,-6.91648,Node2,Node3,[ ]
1,100,-6.91648,Node3,BNode1,[ ]
1,100,-6.91648,BNode1,Node4,[ ]
1,100,-6.91648,Node4,Node5,[ ]
1,100,-6.91648,Node5,Node6,[ ]
1,100,-6.91648,Node6,Node7,[ ]
1,100,-6.91648,Node7,Node8,[ ]
1,100,-6.91648,Node8,Node9,[ ]
1,100,-6.91648,Node9,Node10,[ ]
1,100,-6.91648,Node10,taxaB,[ ]
1,100,-6.91648,BNode1,Node11,[ ]
1,100,-6.91648,Node11,Node12,[ ]
1,100,-6.91648,Node12,Node13,[ ]
1,100,-6.91648,Node13,taxaC,[ ]
1,100,-6.91648,,MNode0,[ ]
1,100,-6.91648,MNode0,Node14,[ ]
1,100,-6.91648,Node14,taxaD,[ ]
1,100,-6.91648,MNode0,Node15,[ ]
1,100,-6.91648,Node15,taxaE,[ F7N ]
2,200,-7.06272,,BNode0,[ ]
2,200,-7.06272,BNode0,Node0,[ ]
2,200,-7.06272,Node0,taxaA,[ ]
2,200,-7.06272,BNode0,Node1,[ ]
2,200,-7.06272,Node1,Node2,[ ]
2,200,-7.06272,Node2,Node3,[ ]
2,200,-7.06272,Node3,BNode1,[ ]
2,200,-7.06272,BNode1,Node4,[ ]
2,200,-7.06272,Node4,Node5,[ ]
2,200,-7.06272,Node5,Node6,[ ]
2,200,-7.06272,Node6,Node7,[ ]
2,200,-7.06272,Node7,Node8,[ ]
2,200,-7.06272,Node8,Node9,[ ]
2,200,-7.06272,Node9,Node10,[ ]
2,200,-7.06272,Node10,taxaB,[ ]
2,200,-7.06272,BNode1,Node11,[ ]
2,200,-7.06272,Node11,Node12,[ ]
2,200,-7.06272,Node12,Node13,[ ]
2,200,-7.06272,Node13,taxaC,[ ]
2,200,-7.06272,,MNode0,[ ]
2,200,-7.06272,MNode0,Node14,[ ]
2,200,-7.06272,Node14,taxaD,[ ]
2,200,-7.06272,MNode0,Node15,[ ]
2,200,-7.06272,Node15,taxaE,[ F7N ]
3,300,-6.95336,,BNode0,[ ]
3,300,-6.95336,BNode0,Node0,[ ]
3,300,-6.95336,Node0,taxaA,[ ]
3,300,-6.95336,BNode0,Node1,[ ]
3,300,-6.95336,Node1,Node2,[ ]
3,300,-6.95336,Node2,Node3,[ ]
3,300,-6.95336,Node3,BNode1,[ ]
3,300,-6.95336,BNode1,Node4,[ ]
3,300,-6.95336,Node4,Node5,[ ]
3,300,-6.95336,Node5,Node6,[ ]
3,300,-6.95336,Node6,Node7,[ ]
3,300,-6.95336,Node7,Node8,[ ]
3,300,-6.95336,Node8,Node9,[ ]
3,300,-6.95336,Node9,Node10,[ ]
3,300,-6.95336,Node10,taxaB,[ ]
3,300,-6.95336,BNode1,Node11,[ ]
3,300,-6.95336,Node11,Node12,[ ]
3,300,-6.95336,Node12,Node13,[ ]
3,300,-6.95336,Node13,taxaC,[ ]
3,300,-6.95336,,MNode0,[ ]
3,300,-6.95336,MNode0,Node14,[ ]
3,300,-6.95336,Node14,taxaD,[ ]
3,300,-6.95336,MNode0,Node15,[ ]
3,300,-6.95336,Node15,taxaE,[ F7N ]
4,400,-6.83355,,BNode0,[ ]
4,400,-6.83355,BNode0,Node0,[ ]
4,400,-6.83355,Node0,taxaA,[ ]
4,400,-6.83355,BNode0,Node1,[ ]
4,400,-6.83355,Node1,Node2,[ ]
4,400,-6.83355,Node2,Node3,[ ]
4,400,-6.83355,Node3,BNode1,[ ]
4,400,-6.83355,BNode1,Node4,[ ]
4,400,-6.83355,Node4,Node5,[ ]
4,400,-6.83355,Node5,Node6,[ ]
4,400,-6.83355,Node6,Node7,[ ]
4,400,-6.83355,Node7,Node8,[ ]
4,400,-6.83355,Node8,Node9,[ ]
4,400,-6.83355,Node9,Node10,[ ]
4,400,-6.83355,Node10,taxaB,[ ]
4,400,-6.83355,BNode1,Node11,[ ]
4,400,-6.83355,Node11,Node12,[ ]
4,400,-6.83355,Node12,Node13,[ ]
4,400,-6.83355,Node13,taxaC,[ ]
4,400,-6.83355,,MNode0,[ ]
4,400,-6.83355,MNode0,Node14,[ ]
4,400,-6.83355,Node14,taxaD,[ ]
4,400,-6.83355,MNode0,Node15,[ ]
4,400,-6.83355,Node15,taxaE,[ F7N ]
5,500,-7.07371,,BNode0,[ ]
5,500,-7.07371,BNode0,Node0,[ ]
5,500,-7.07371,Node0,taxaA,[ ]
5,500,-7.07371,BNode0,Node1,[ ]
5,500,-7.07371,Node1,Node2,[ ]
5,500,-7.07371,Node2,Node3,[ ]
5,500,-7.07371,Node3,BNode1,[ ]
5,500,-7.07371,BNode1,Node4,[ ]
5,500,-7.07371,Node4,Node5,[ ]
5,500,-7.07371,Node5,Node6,[ ]
5,500,-7.07371,Node6,Node7,[ ]
5,500,-7.07371,Node7,Node8,[ ]
5,500,-7.07371,Node8,Node9,[ ]
5,500,-7.07371,Node9,Node10,[ ]
5,500,-7.07371,Node10,taxaB,[ ]
5,500,-7.07371,BNode1,Node11,[ ]
5,500,-7.07371,Node11,Node12,[ ]
5,500,-7.07371,Node12,Node13,[ ]
5,500,-7.07371,Node13,taxaC,[ ]
5,500,-7.07371,,MNode0,[ ]
5,500,-7.07371,MNode0,Node14,[ ]
5,500,-7.07371,Node14,taxaD,[ ]
5,500,-7.07371,MNode0,Node15,[ F7N ]
5,500,-7.07371,Node15,taxaE,[ ]
6,600,-6.77453,,BNode0,[ ]
6,600,-6.77453,BNode0,Node0,[ ]
6,600,-6.77453,Node0,taxaA,[ ]
6,600,-6.77453,BNode0,Node1,[ ]
6,600,-6.77453,Node1,Node2,[ ]
6,600,-6.77453,Node2,Node3,[ ]
6,600,-6.77453,Node3,BNode1,[ ]
6,600,-6.77453,BNode1,Node4,[ ]
6,600,-6.77453,Node4,Node5,[ ]
6,600,-6.77453,Node5,Node6,[ ]
6,600,-6.77453,Node6,Node7,[ ]
6,600,-6.77453,Node7,Node8,[ ]
6,600,-6.77453,Node8,Node9,[ ]
6,600,-6.77453,Node9,Node10,[ ]
6,600,-6.77453,Node10,taxaB,[ ]
6,600,-6.77453,BNode1,Node11,[ ]
6,600,-6.77453,Node11,Node12,[ ]
6,600,-6.77453,Node12,Node13,[ ]
6,600,-6.77453,Node13,taxaC,[ ]
6,600,-6.77453,,MNode0,[ ]
6,600,-6.77453,MNode0,Node14,[ ]
6,600,-6.77453,Node14,taxaD,[ ]
6,600,-6.77453,MNode0,Node15,[ F7N ]
6,600,-6.77453,Node15,taxaE,[ ]
7,700,-6.9163,,BNode0,[ ]
7,700,-6.9163,BNode0,Node0,[ ]
7,700,-6.9163,Node0,taxaA,[ ]
7,700,-6.9163,BNode0,Node1,[ ]
7,700,-6.9163,Node1,Node2,[ ]
7,700,-6.9163,Node2,Node3,[ ]
7,700,-6.9163,Node3,BNode1,[ ]
7,700,-6.9163,BNode1,Node4,[ ]
7,700,-6.9163,Node4,Node5,[ ]
7,700,-6.9163,Node5,Node6,[ ]
7,700,-6.9163,Node6,Node7,[ ]
7,700,-6.9163,Node7,Node8,[ ]
7,700,-6.9163,Node8,Node9,[ ]
7,700,-6.9163,Node9,Node10,[ ]
7,700,-6.9163,Node10,taxaB,[ ]
7,700,-6.9163,BNode1,Node11,[ ]
7,700,-6.9163,Node11,Node12,[ ]
7,700,-6.9163,Node12,Node13,[ ]
7,700,-6.9163,Node13,taxaC,[ ]
7,700,-6.9163,,MNode0,[ ]
7,700,-6.9163,MNode0,Node14,[ ]
7,700,-6.9163,Node14,taxaD,[ ]
7,700,-6.9163,MNode0,Node15,[ F7N ]
7,700,-6.9163,Node15,taxaE,[ ]
8,800,-6.63222,,BNode0,[ ]
8,800,-6.63222,BNode0,Node0,[ ]
8,800,-6.63222,Node0,taxaA,[ ]
8,800,-6.63222,BNode0,Node1,[ ]
8,800,-6.63222,Node1,Node2,[ ]
8,800,-6.63222,Node2,Node3,[ ]
8,800,-6.63222,Node3,BNode1,[ ]
8,800,-6.63222,BNode1,Node4,[ ]
8,800,-6.63222,Node4,Node5,[ ]
8,800,-6.63222,Node5,Node6,[ ]
8,800,-6.63222,Node6,Node7,[ ]
8,800,-6.63222,Node7,Node8,[ ]
8,800,-6.63222,Node8,Node9,[ ]
8,800,-6.63222,Node9,Node10,[ ]
8,800,-6.63222,Node10,taxaB,[ ]
8,800,-6.63222,BNode1,Node11,[ ]
8,800,-6.63222,Node11,Node12,[ ]
8,800,-6.63222,Node12,Node13,[ ]
8,800,-6.63222,Node13,taxaC,[ ]
8,800,-6.63222,,MNode0,[ ]
8,800,-6.63222,MNode0,Node14,[ ]
8,800,-6.63222,Node14,taxaD,[ ]
8,800,-6.63222,MNode0,Node15,[ F7N ]
8,800,-6.63222,Node15,taxaE,[ ]
9,900,-6.67744,,BNode0,[ ]
9,900,-6.67744,BNode0,Node0,[ ]
9,900,-6.67744,Node0,taxaA,[ ]
9,900,-6.67744,BNode0,Node1,[ ]
9,900,-6.67744,Node1,Node2,[ ]
9,900,-6.67744,Node2,Node3,[ ]
9,900,-6.67744,Node3,BNode1,[ ]
9,900,-6.67744,BNode1,Node4,[ ]
9,900,-6.67744,Node4,Node5,[ ]
9,900,-6.67744,Node5,Node6,[ ]
9,900,-6.67744,Node6,Node7,[ ]
9,900,-6.67744,Node7,Node8,[ ]
9,900,-6.67744,Node8,Node9,[ ]
9,900,-6.67744,Node9,Node10,[ ]
9,900,-6.67744,Node10,taxaB,[ ]
9,900,-6.67744,BNode1,Node11,[ ]
9,900,-6.67744,Node11,Node12,[ ]
9,900,-6.67744,Node12,Node13,[ ]
9,900,-6.67744,Node13,taxaC,[ ]
9,900,-6.67744,,MNode0,[ ]
9,900,-6.67744,MNode0,Node14,[ ]
9,900,-6.67744,Node14,taxaD,[ ]
9,900,-6.67744,MNode0,Node15,[ F7N ]
9,900,-6.67744,Node15,taxaE,[ ]
10,1000,-13.7814,,BNode0,[ ]
10,1000,-13.7814,BNode0,Node0,[ ]
10,1000,-13.7814,Node0,taxaA,[ ]
10,1000,-13.7814,BNode0,Node1,[ ]
10,1000,-13.7814,Node1,Node2,[ ]
10,1000,-13.7814,Node2,Node3,[ ]
10,1000,-13.7814,Node3,BNode1,[ ]
10,1000,-13.7814,BNode1,Node4,[ ]
10,1000,-13.7814,Node4,Node5,[ ]
10,1000,-13.7814,Node5,Node6,[ ]
10,1000,-13.7814,Node6,Node7,[ ]
10,1000,-13.7814,Node7,Node8,[ ]
10,1000,-13.7814,Node8,Node9,[ ]
10,1000,-13.7814,Node9,Node10,[ ]
10,1000,-13.7814,Node10,taxaB,[ ]
10,1000,-13.7814,BNode1,Node11,[ ]
10,1000,-13.7814,Node11,Node12,[ ]
10,1000,-13.7814,Node12,Node13,[ ]
10,1000,-13.7814,Node13,taxaC,[ ]
10,1000,-13.7814,,MNode0,[ ]
10,1000,-13.7814,MNode0,Node14,[ F3F ]
10,1000,-13.7814,Node14,taxaD,[ ]
10,1000,-13.7814,MNode0,Node15,[ F7N ]
10,1000,-13.7814,Node15,taxaE,[ ]
11,1100,-12.9304,,BNode0,[ ]
11,1100,-12.9304,BNode0,Node0,[ ]
11,1100,-12.9304,Node0,taxaA,[ ]
11,1100,-12.9304,BNode0,Node1,[ ]
11,1100,-12.9304,Node1,Node2,[ ]
11,1100,-12.9304,Node2,Node3,[ ]
11,1100,-12.9304,Node3,BNode1,[ ]
11,1100,-12.9304,BNode1,Node4,[ ]
11,1100,-12.9304,Node4,Node5,[ ]
11,1100,-12.9304,Node5,Node6,[ ]
11,1100,-12.9304,Node6,Node7,[ ]
11,1100,-12.9304,Node7,Node8,[ ]
11,1100,-12.9304,Node8,Node9,[ ]
11,1100,-12.9304,Node9,Node10,[ ]
11,1100,-12.9304,Node10,taxaB,[ ]
11,1100,-12.9304,BNode1,Node11,[ ]
11,1100,-12.9304,Node11,Node12,[ ]
11,1100,-12.9304,Node12,Node13,[ ]
11,1100,-12.9304,Node13,taxaC,[ ]
11,1100,-12.9304,,MNode0,[ ]
11,1100,-12.9304,MNode0,Node14,[ F3F ]
11,1100,-12.9304,Node14,taxaD,[ ]
11,1100,-12.9304,MNode0,Node15,[ F7N ]
11,1100,-12.9304,Node15,taxaE,[ ]
12,1200,-12.9252,,BNode0,[ ]
12,1200,-12.9252,BNode0,Node0,[ ]
12,1200,-12.9252,Node0,taxaA,[ ]
12,1200,-12.9252,BNode0,Node1,[ ]
12,1200,-12.9252,Node1,Node2,[ ]
12,1200,-12.9252,Node2,Node3,[ ]
12,1200,-12.9252,Node3,BNode1,[ ]
12,1200,-12.9252,BNode1,Node4,[ ]
12,1200,-12.9252,Node4,Node5,[ ]
12,1200,-12.9252,Node5,Node6,[ ]
12,1200,-12.9252,Node6,Node7,[ ]
12,1200,-12.9252,Node7,Node8,[ ]
12,1200,-12.9252,Node8,Node9,[ ]
12,1200,-12.9252,Node9,Node10,[ ]
12,1200,-12.9252,Node10,taxaB,[ ]
12,1200,-12.9252,BNode1,Node11,[ ]
12,1200,-12.9252,Node11,Node12,[ ]
12,1200,-12.9252,Node12,Node13,[ ]
12,1200,-12.9252,Node13,taxaC,[ ]
12,1200,-12.9252,,MNode0,[ ]
12,1200,-12.9252,MNode0,Node14,[ F3F ]
12,1200,-12.9252,Node14,taxaD,[ ]
12,1200,-12.9252,MNode0,Node15,[ F7N ]
12,1200,-12.9252,Node15,taxaE,[ ]
13,1300,-12.9876,,BNode0,[ ]
13,1300,-12.9876,BNode0,Node0,[ ]
13,1300,-12.9876,Node0,taxaA,[ ]
13,1300,-12.9876,BNode0,Node1,[ ]
13,1300,-12.9876,Node1,Node2,[ ]
13,1300,-12.9876,Node2,Node3,[ ]
13,1300,-12.9876,Node3,BNode1,[ ]
13,1300,-12.9876,BNode1,Node4,[ ]
13,1300,-12.9876,Node4,Node5,[ ]
13,1300,-12.9876,Node5,Node6,[ ]
13,1300,-12.9876,Node6,Node7,[ ]
13,1300,-12.9876,Node7,Node8,[ ]
13,1300,-12.9876,Node8,Node9,[ ]
13,1300,-12.9876,Node9,Node10,[ ]
13,1300,-12.9876,Node10,taxaB,[ ]
13,1300,-12.9876,BNode1,Node11,[ ]
13,1300,-12.9876,Node11,Node12,[ ]
13,1300,-12.9876,Node12,Node13,[ ]
13,1300,-12.9876,Node13,taxaC,[ ]
13,1300,-12.9876,,MNode0,[ ]
13,1300,-12.9876,MNode0,Node14,[ F3F ]
13,1300,-12.9876,Node14,taxaD,[ ]
13,1300,-12.9876,MNode0,Node15,[ F7N ]
13,1300,-12.9876,Node15,taxaE,[ ]
14,1400,-12.932,,BNode0,[ ]
14,1400,-12.932,BNode0,Node0,[ ]
14,1400,-12.932,Node0,taxaA,[ ]
14,1400,-12.932,BNode0,Node1,[ ]
14,1400,-12.932,Node1,Node2,[ ]
14,1400,-12.932,Node2,Node3,[ ]
14,1400,-12.932,Node3,BNode1,[ ]
14,1400,-12.932,BNode1,Node4,[ ]
14,1400,-12.932,Node4,Node5,[ ]
14,1400,-12.932,Node5,Node6,[ ]
14,1400,-12.932,Node6,Node7,[ ]
14,1400,-12.932,Node7,Node8,[ ]
14,1400,-12.932,Node8,Node9,[ ]
14,1400,-12.932,Node9,Node10,[ ]
14,1400,-12.932,Node10,taxaB,[ ]
14,1400,-12.932,BNode1,Node11,[ ]
14,1400,-12.932,Node11,Node12,[ ]
14,1400,-12.932,Node12,Node13,[ ]
14,1400,-12.932,Node13,taxaC,[ ]
14,1400,-12.932,,MNode0,[ ]
14,1400,-12.932,MNode0,Node14,[ F3F ]
14,1400,-12.932,Node14,taxaD,[ ]
14,1400,-12.932,MNode0,Node15,[ F7N ]
14,1400,-12.932,Node15,taxaE,[ ]
15,1500,-12.608,,BNode0,[ F4F ]
15,1500,-12.608,BNode0,Node0,[ ]
15,1500,-12.608,Node0,taxaA,[ ]
15,1500,-12.608,BNode0,Node1,[ ]
15,1500,-12.608,Node1,Node2,[ ]
15,1500,-12.608,Node2,Node3,[ ]
15,1500,-12.608,Node3,BNode1,[ ]
15,1500,-12.608,BNode1,Node4,[ ]
15,1500,-12.608,Node4,Node5,[ ]
15,1500,-12.608,Node5,Node6,[ ]
15,1500,-12.608,Node6,Node7,[ ]
15,1500,-12.608,Node7,Node8,[ ]
15,1500,-12.608,Node8,Node9,[ ]
15,1500,-12.608,Node9,Node10,[ ]
15,1500,-12.608,Node10,taxaB,[ ]
15,1500,-12.608,BNode1,Node11,[ ]
15,1500,-12.608,Node11,Node12,[ ]
15,1500,-12.608,Node12,Node13,[ ]
15,1500,-12.608,Node13,taxaC,[ ]
15,1500,-12.608,,MNode0,[ ]
15,1500,-12.608,MNode0,Node14,[ ]
15,1500,-12.608,Node14,taxaD,[ ]
15,1500,-12.608,MNode0,Node15,[ ]
15,1500,-12.608,Node15,taxaE,[ F7N ]
16,1600,-12.5898,,BNode0,[ F4F ]
16,1600,-12.5898,BNode0,Node0,[ ]
16,1600,-12.5898,Node0,taxaA,[ ]
16,1600,-12.5898,BNode0,Node1,[ ]
16,1600,-12.5898,Node1,Node2,[ ]
16,1600,-12.5898,Node2,Node3,[ ]
16,1600,-12.5898,Node3,BNode1,[ ]
16,1600,-12.5898,BNode1,Node4,[ ]
16,1600,-12.5898,Node4,Node5,[ ]
16,1600,-12.5898,Node5,Node6,[ ]
16,1600,-12.5898,Node6,Node7,[ ]
16,1600,-12.5898,Node7,Node8,[ ]
16,1600,-12.5898,Node8,Node9,[ ]
16,1600,-12.5898,Node9,Node10,[ ]
16,1600,-12.5898,Node10,taxaB,[ ]
16,1600,-12.5898,BNode1,Node11,[ ]
16,1600,-12.5898,Node11,Node12,[ ]
16,1600,-12.5898,Node12,Node13,[ ]
16,1600,-12.5898,Node13,taxaC,[ ]
16,1600,-12.5898,,MNode0,[ ]
16,1600,-12.5898,MNode0,Node14,[ ]
16,1600,-12.5898,Node14,taxaD,[ ]
16,1600,-12.5898,MNode0,Node15,[ ]
16,1600,-12.5898,Node15,taxaE,[ F7N ]
17,1700,-12.5921,,BNode0,[ F4F ]
17,1700,-12.5921,BNode0,Node0,[ ]
17,1700,-12.5921,Node0,taxaA,[ ]
17,1700,-12.5921,BNode0,Node1,[ ]
17,1700,-12.5921,Node1,Node2,[ ]
17,1700,-12.5921,Node2,Node3,[ ]
17,1700,-12.5921,Node3,BNode1,[ ]
17,1700,-12.5921,BNode1,Node4,[ ]
17,1700,-12.5921,Node4,Node5,[ ]
17,1700,-12.5921,Node5,Node6,[ ]
17,1700,-12.5921,Node6,Node7,[ ]
17,1700,-12.5921,Node7,Node8,[ ]
17,1700,-12.5921,Node8,Node9,[ ]
17,1700,-12.5921,Node9,Node10,[ ]
17,1700,-12.5921,Node10,taxaB,[ ]
17,1700,-12.5921,BNode1,Node11,[ ]
17,1700,-12.5921,Node11,Node12,[ ]
17,1700,-12.5921,Node12,Node13,[ ]
17,1700,-12.5921,Node13,taxaC,[ ]
17,1700,-12.5921,,MNode0,[ ]
17,1700,-12.5921,MNode0,Node14,[ ]
17,1700,-12.5921,Node14,taxaD,[ ]
17,1700,-12.5921,MNode0,Node15,[ ]
17,1700,-12.5921,Node15,taxaE,[ F7N ]
18,1800,-12.6463,,BNode0,[ F4F ]
18,1800,-12.6463,BNode0,Node0,[ ]
18,1800,-12.6463,Node0,taxaA,[ ]
18,1800,-12.6463,BNode0,Node1,[ ]
18,1800,-12.6463,Node1,Node2,[ ]
18,1800,-12.6463,Node2,Node3,[ ]
18,1800,-12.6463,Node3,BNode1,[ ]
18,1800,-12.6463,BNode1,Node4,[ ]
18,1800,-12.6463,Node4,Node5,[ ]
18,1800,-12.6463,Node5,Node6,[ ]
18,1800,-12.6463,Node6,Node7,[ ]
18,1800,-12.6463,Node7,Node8,[ ]
18,1800,-12.6463,Node8,Node9,[ ]
18,1800,-12.6463,Node9,Node10,[ ]
18,1800,-12.6463,Node10,taxaB,[ ]
18,1800,-12.6463,BNode1,Node11,[ ]
18,1800,-12.6463,Node11,Node12,[ ]
18,1800,-12.6463,Node12,Node13,[ ]
18,1800,-12.6463,Node13,taxaC,[ ]
18,1800,-12.6463,,MNode0,[ ]
18,1800,-12.6463,MNode0,Node14,[ ]
18,1800,-12.6463,Node14,taxaD,[ ]
18,1800,-12.6463,MNode0,Node15,[ ]
18,1800,-12.6463,Node15,taxaE,[ F7N ]
19,1900,-12.5886,,BNode0,[ F4F ]
19,1900,-12.5886,BNode0,Node0,[ ]
19,1900,-12.5886,Node0,taxaA,[ ]
19,1900,-12.5886,BNode0,Node1,[ ]
19,1900,-12.5886,Node1,Node2,[ ]
19,1900,-12.5886,Node2,Node3,[ ]
19,1900,-12.5886,Node3,BNode1,[ ]
19,1900,-12.5886,BNode1,Node4,[ ]
19,1900,-12.5886,Node4,Node5,[ ]
19,1900,-12.5886,Node5,Node6,[ ]
19,1900,-12.5886,Node6,Node7,[ ]
19,1900,-12.5886,Node7,Node8,[ ]
19,1900,-12.5886,Node8,Node9,[ ]
19,1900,-12.5886,Node9,Node10,[ ]
19,1900,-12.5886,Node10,taxaB,[ ]
19,1900,-12.5886,BNode1,Node11,[ ]
19,1900,-12.5886,Node11,Node12,[ ]
19,1900,-12.5886,Node12,Node13,[ ]
19,1900,-12.5886,Node13,taxaC,[ ]
19,1900,-12.5886,,MNode0,[ ]
19,1900,-12.5886,MNode0,Node14,[ ]
19,1900,-12.5886,Node14,taxaD,[ ]
19,1900,-12.5886,MNode0,Node15,[ ]
19,1900,-12.5886,Node15,taxaE,[ F7N ]
20,2000,-12.7306,,BNode0,[ ]
20,2000,-12.7306,BNode0,Node0,[ ]
20,2000,-12.7306,Node0,taxaA,[ ]
20,2000,-12.7306,BNode0,Node1,[ ]
20,2000,-12.7306,Node1,Node2,[ ]
20,2000,-12.7306,Node2,Node3,[ ]
20,2000,-12.7306,Node3,BNode1,[ ]
20,2000,-12.7306,BNode1,Node4,[ ]
20,2000,-12.7306,Node4,Node5,[ ]
20,2000,-12.7306,Node5,Node6,[ ]
20,2000,-12.7306,Node6,Node7,[ ]
20,2000,-12.7306,Node7,Node8,[ ]
20,2000,-12.7306,Node8,Node9,[ ]
20,2000,-12.7306,Node9,Node10,[ ]
20,2000,-12.7306,Node10,taxaB,[ F2F ]
20,2000,-12.7306,BNode1,Node11,[ ]
20,2000,-12.7306,Node11,Node12,[ ]
20,2000,-12.7306,Node12,Node13,[ ]
20,2000,-12.7306,Node13,taxaC,[ ]
20,2000,-12.7306,,MNode0,[ ]
20,2000,-12.7306,MNode0,Node14,[ ]
20,2000,-12.7306,Node14,taxaD,[ ]
20,2000,-12.7306,MNode0,Node15,[ F7N ]
20,2000,-12.7306,Node15,taxaE,[ ]
21,2100,-12.7569,,BNode0,[ ]
21,2100,-12.7569,BNode0,Node0,[ ]
21,2100,-12.7569,Node0,taxaA,[ ]
21,2100,-12.7569,BNode0,Node1,[ ]
21,2100,-12.7569,Node1,Node2,[ ]
21,2100,-12.7569,Node2,Node3,[ ]
21,2100,-12.7569,Node3,BNode1,[ ]
21,2100,-12.7569,BNode1,Node4,[ ]
21,2100,-12.7569,Node4,Node5,[ ]
21,2100,-12.7569,Node5,Node6,[ ]
21,2100,-12.7569,Node6,Node7,[ ]
21,2100,-12.7569,Node7,Node8,[ ]
21,2100,-12.7569,Node8,Node9,[ ]
21,2100,-12.7569,Node9,Node10,[ ]
21,2100,-12.7569,Node10,taxaB,[ F2F ]
21,2100,-12.7569,BNode1,Node11,[ ]
21,2100,-12.7569,Node11,Node12,[ ]
21,2100,-12.7569,Node12,Node13,[ ]
21,2100,-12.7569,Node13,taxaC,[ ]
21,2100,-12.7569,,MNode0,[ ]
21,2100,-12.7569,MNode0,Node14,[ ]
21,2100,-12.7569,Node14,taxaD,[ ]
21,2100,-12.7569,MNode0,Node15,[ F7N ]
21,2100,-12.7569,Node15,taxaE,[ ]
22,2200,-13.1521,,BNode0,[ ]
22,2200,-13.1521,BNode0,Node0,[ ]
22,2200,-13.1521,Node0,taxaA,[ ]
22,2200,-13.1521,BNode0,Node1,[ ]
22,2200,-13.1521,Node1,Node2,[ ]
22,2200,-13.1521,Node2,Node3,[ ]
22,2200,-13.1521,Node3,BNode1,[ ]
22,2200,-13.1521,BNode1,Node4,[ ]
22,2200,-13.1521,Node4,Node5,[ ]
22,2200,-13.1521,Node5,Node6,[ ]
22,2200,-13.1521,Node6,Node7,[ ]
22,2200,-13.1521,Node7,Node8,[ ]
22,2200,-13.1521,Node8,Node9,[ ]
22,2200,-13.1521,Node9,Node10,[ ]
22,2200,-13.1521,Node10,taxaB,[ F2F ]
22,2200,-13.1521,BNode1,Node11,[ ]
22,2200,-13.1521,Node11,Node12,[ ]
22,2200,-13.1521,Node12,Node13,[ ]
22,2200,-13.1521,Node13,taxaC,[ ]
22,2200,-13.1521,,MNode0,[ ]
22,2200,-13.1521,MNode0,Node14,[ ]
22,2200,-13.1521,Node14,taxaD,[ ]
22,2200,-13.1521,MNode0,Node15,[ F7N ]
22,2200,-13.1521,Node15,taxaE,[ ]
23,2300,-12.7806,,BNode0,[ ]
23,2300,-12.7806,BNode0,Node0,[ ]
23,2300,-12.7806,Node0,taxaA,[ ]
23,2300,-12.7806,BNode0,Node1,[ ]
23,2300,-12.7806,Node1,Node2,[ ]
23,2300,-12.7806,Node2,Node3,[ ]
23,2300,-12.7806,Node3,BNode1,[ ]
23,2300,-12.7806,BNode1,Node4,[ ]
23,2300,-12.7806,Node4,Node5,[ ]
23,2300,-12.7806,Node5,Node6,[ ]
23,2300,-12.7806,Node6,Node7,[ ]
23,2300,-12.7806,Node7,Node8,[ ]
23,2300,-12.7806,Node8,Node9,[ ]
23,2300,-12.7806,Node9,Node10,[ ]
23,2300,-12.7806,Node10,taxaB,[ F2F ]
23,2300,-12.7806,BNode1,Node11,[ ]
23,2300,-12.7806,Node11,Node12,[ ]
23,2300,-12.7806,Node12,Node13,[ ]
23,2300,-12.7806,Node13,taxaC,[ ]
23,2300,-12.7806,,MNode0,[ ]
23,2300,-12.7806,MNode0,Node14,[ ]
23,2300,-12.7806,Node14,taxaD,[ ]
23,2300,-12.7806,MNode0,Node15,[ F7N ]
23,2300,-12.7806,Node15,taxaE,[ ]
24,2400,-12.8699,,BNode0,[ ]
24,2400,-12.8699,BNode0,Node0,[ ]
24,2400,-12.8699,Node0,taxaA,[ ]
24,2400,-12.8699,BNode0,Node1,[ ]
24,2400,-12.8699,Node1,Node2,[ ]
24,2400,-12.8699,Node2,Node3,[ ]
24,2400,-12.8699,Node3,BNode1,[ ]
24,2400,-12.8699,BNode1,Node4,[ ]
24,2400,-12.8699,Node4,Node5,[ ]
24,2400,-12.8699,Node5,Node6,[ ]
24,2400,-12.8699,Node6,Node7,[ ]
24,2400,-12.8699,Node7,Node8,[ ]
24,2400,-12.8699,Node8,Node9,[ ]
24,2400,-12.8699,Node9,Node10,[ ]
24,2400,-12.8699,Node10,taxaB,[ F2F ]
24,2400,-12.8699,BNode1,Node11,[ ]
24,2400,-12.8699,Node11,Node12,[ ]
24,2400,-12.8699,Node12,Node13,[ ]
24,2400,-12.8699,Node13,taxaC,[ ]
24,2400,-12.8699,,MNode0,[ ]
24,2400,-12.8699,MNode0,Node14,[ ]
24,2400,-12.8699,Node14,taxaD,[ ]
24,2400,-12.8699,MNode0,Node15,[ F7N ]
24,2400,-12.8699,Node15,taxaE,[ ]
25,2500,-12.7016,,BNode0,[ ]
25,2500,-12.7016,BNode0,Node0,[ ]
25,2500,-12.7016,Node0,taxaA,[ ]
25,2500,-12.7016,BNode0,Node1,[ ]
25,2500,-12.7016,Node1,Node2,[ ]
25,2500,-12.7016,Node2,Node3,[ ]
25,2500,-12.7016,Node3,BNode1,[ ]
25,2500,-12.7016,BNode1,Node4,[ ]
25,2500,-12.7016,Node4,Node5,[ ]
25,2500,-12.7016,Node5,Node6,[ F1F ]
25,2500,-12.7016,Node6,Node7,[ ]
25,2500,-12.7016,Node7,Node8,[ ]
25,2500,-12.7016,Node8,Node9,[ ]
25,2500,-12.7016,Node9,Node10,[ ]
25,2500,-12.7016,Node10,taxaB,[ ]
25,2500,-12.7016,BNode1,Node11,[ ]
25,2500,-12.7016,Node11,Node12,[ ]
25,2500,-12.7016,Node12,Node13,[ ]
25,2500,-12.7016,Node13,taxaC,[ ]
25,2500,-12.7016,,MNode0,[ ]
25,2500,-12.7016,MNode0,Node14,[ ]
25,2500,-12.7016,Node14,taxaD,[ ]
25,2500,-12.7016,MNode0,Node15,[ ]
25,2500,-12.7016,Node15,taxaE,[ F7N ]
26,2600,-12.8221,,BNode0,[ ]
26,2600,-12.8221,BNode0,Node0,[ ]
26,2600,-12.8221,Node0,taxaA,[ ]
26,2600,-12.8221,BNode0,Node1,[ ]
26,2600,-12.8221,Node1,Node2,[ ]
26,2600,-12.8221,Node2,Node3,[ ]
26,2600,-12.8221,Node3,BNode1,[ ]
26,2600,-12.8221,BNode1,Node4,[ ]
26,2600,-12.8221,Node4,Node5,[ ]
26,2600,-12.8221,Node5,Node6,[ F1F ]
26,2600,-12.8221,Node6,Node7,[ ]
26,2600,-12.8221,Node7,Node8,[ ]
26,2600,-12.8221,Node8,Node9,[ ]
26,2600,-12.8221,Node9,Node10,[ ]
26,2600,-12.8221,Node10,taxaB,[ ]
26,2600,-12.8221,BNode1,Node11,[ ]
26,2600,-12.8221,Node11,Node12,[ ]
26,2600,-12.8221,Node12,Node13,[ ]
26,2600,-12.8221,Node13,taxaC,[ ]
26,2600,-12.8221,,MNode0,[ ]
26,2600,-12.8221,MNode0,Node14,[ ]
26,2600,-12.8221,Node14,taxaD,[ ]
26,2600,-12.8221,MNode0,Node15,[ ]
26,2600,-12.8221,Node15,taxaE,[ F7N ]
27,2700,-12.8514,,BNode0,[ ]
27,2700,-12.8514,BNode0,Node0,[ ]
27,2700,-12.8514,Node0,taxaA,[ ]
27,2700,-12.8514,BNode0,Node1,[ ]
27,2700,-12.8514,Node1,Node2,[ ]
27,2700,-12.8514,Node2,Node3,[ ]
27,2700,-12.8514,Node3,BNode1,[ ]
27,2700,-12.8514,BNode1,Node4,[ ]
27,2700,-12.8514,Node4,Node5,[ ]
27,2700,-12.8514,Node5,Node6,[ F1F ]
27,2700,-12.8514,Node6,Node7,[ ]
27,2700,-12.8514,Node7,Node8,[ ]
27,2700,-12.8514,Node8,Node9,[ ]
27,2700,-12.8514,Node9,Node10,[ ]
27,2700,-12.8514,Node10,taxaB,[ ]
27,2700,-12.8514,BNode1,Node11,[ ]
27,2700,-12.8514,Node11,Node12,[ ]
27,2700,-12.8514,Node12,Node13,[ ]
27,2700,-12.8514,Node13,taxaC,[ ]
27,2700,-12.8514,,MNode0,[ ]
27,2700,-12.8514,MNode0,Node14,[ ]
27,2700,-12.8514,Node14,taxaD,[ ]
27,2700,-12.8514,MNode0,Node15,[ ]
27,2700,-12.8514,Node15,taxaE,[ F7N ]
28,2800,-12.7897,,BNode0,[ ]
28,2800,-12.7897,BNode0,Node0,[ ]
28,2800,-12.7897,Node0,taxaA,[ ]
28,2800,-12.7897,BNode0,Node1,[ ]
28,2800,-12.7897,Node1,Node2,[ ]
28,2800,-12.7897,Node2,Node3,[ ]
28,2800,-12.7897,Node3,BNode1,[ ]
28,2800,-12.7897,BNode1,Node4,[ ]
28,2800,-12.7897,Node4,Node5,[ ]
28,2800,-12.7897,Node5,Node6,[ F1F ]
28,2800,-12.7897,Node6,Node7,[ ]
28,2800,-12.7897,Node7,Node8,[ ]
28,2800,-12.7897,Node8,Node9,[ ]
28,2800,-12.7897,Node9,Node10,[ ]
28,2800,-12.7897,Node10,taxaB,[ ]
28,2800,-12.7897,BNode1,Node11,[ ]
28,2800,-12.7897,Node11,Node12,[ ]
28,2800,-12.7897,Node12,Node13,[ ]
28,2800,-12.7897,Node13,taxaC,[ ]
28,2800,-12.7897,,MNode0,[ ]
28,2800,-12.7897,MNode0,Node14,[ ]
28,2800,-12.7897,Node14,taxaD,[ ]
28,2800,-12.7897,MNode0,Node15,[ ]
28,2800,-12.7897,Node15,taxaE,[ F7N ]
29,2900,-12.8155,,BNode0,[ ]
29,2900,-12.8155,BNode0,Node0,[ ]
29,2900,-12.8155,Node0,taxaA,[ ]
29,2900,-12.8155,BNode0,Node1,[ ]
29,2900,-12.8155,Node1,Node2,[ ]
29,2900,-12.8155,Node2,Node3,[ ]
29,2900,-12.8155,Node3,BNode1,[ ]
29,2900,-12.8155,BNode1,Node4,[ ]
29,2900,-12.8155,Node4,Node5,[ ]
29,2900,-12.8155,Node5,Node6,[ F1F ]
29,2900,-12.8155,Node6,Node7,[ ]
29,2900,-12.8155,Node7,Node8,[ ]
29,2900,-12.8155,Node8,Node9,[ ]
29,2900,-12.8155,Node9,Node10,[ ]
29,2900,-12.8155,Node10,taxaB,[ ]
29,2900,-12.8155,BNode1,Node11,[ ]
29,2900,-12.8155,Node11,Node12,[ ]
29,2900,-12.8155,Node12,Node13,[ ]
29,2900,-12.8155,Node13,taxaC,[ ]
29,2900,-12.8155,,MNode0,[ ]
29,2900,-12.8155,MNode0,Node14,[ ]
29,2900,-12.8155,Node14,taxaD,[ ]
29,2900,-12.8155,MNode0,Node15,[ ]
29,2900,-12.8155,Node15,taxaE,[ F7N ]
30,3000,-6.67193,,BNode0,[ ]
30,3000,-6.67193,BNode0,Node0,[ ]
30,3000,-6.67193,Node0,taxaA,[ ]
30,3000,-6.67193,BNode0,Node1,[ ]
30,3000,-6.67193,Node1,Node2,[ ]
30,3000,-6.67193,Node2,Node3,[ ]
30,3000,-6.67193,Node3,BNode1,[ ]
30,3000,-6.67193,BNode1,Node4,[ ]
30,3000,-6.67193,Node4,Node5,[ ]
30,3000,-6.67193,Node5,Node6,[ ]
30,3000,-6.67193,Node6,Node7,[ ]
30,3000,-6.67193,Node7,Node8,[ ]
30,3000,-6.67193,Node8,Node9,[ ]
30,3000,-6.67193,Node9,Node10,[ ]
30,3000,-6.67193,Node10,taxaB,[ ]
30,3000,-6.67193,BNode1,Node11,[ ]
30,3000,-6.67193,Node11,Node12,[ ]
30,3000,-6.67193,Node12,Node13,[ ]
30,3000,-6.67193,Node13,taxaC,[ ]
30,3000,-6.67193,,MNode0,[ ]
30,3000,-6.67193,MNode0,Node14,[ ]
30,3000,-6.67193,Node14,taxaD,[ ]
30,3000,-6.67193,MNode0,Node15,[ F7N ]
30,3000,-6.67193,Node15,taxaE,[ ]
31,3100,-6.54797,,BNode0,[ ]
31,3100,-6.54797,BNode0,Node0,[ ]
31,3100,-6.54797,Node0,taxaA,[ ]
31,3100,-6.54797,BNode0,Node1,[ ]
31,3100,-6.54797,Node1,Node2,[ ]
31,3100,-6.54797,Node2,Node3,[ ]
31,3100,-6.54797,Node3,BNode1,[ ]
31,3100,-6.54797,BNode1,Node4,[ ]
31,3100,-6.54797,Node4,Node5,[ ]
31,3100,-6.54797,Node5,Node6,[ ]
31,3100,-6.54797,Node6,Node7,[ ]
31,3100,-6.54797,Node7,Node8,[ ]
31,3100,-6.54797,Node8,Node9,[ ]
31,3100,-6.54797,Node9,Node10,[ ]
31,3100,-6.54797,Node10,taxaB,[ ]
31,3100,-6.54797,BNode1,Node11,[ ]
31,3100,-6.54797,Node11,Node12,[ ]
31,3100,-6.54797,Node12,Node13,[ ]
31,3100,-6.54797,Node13,taxaC,[ ]
31,3100,-6.54797,,MNode0,[ ]
31,3100,-6.54797,MNode0,Node14,[ ]
31,3100,-6.54797,Node14,taxaD,[ ]
31,3100,-6.54797,MNode0,Node15,[ F7N ]
31,3100,-6.54797,Node15,taxaE,[ ]
32,3200,-6.34715,,BNode0,[ ]
32,3200,-6.34715,BNode0,Node0,[ ]
32,3200,-6.34715,Node0,taxaA,[ ]
32,3200,-6.34715,BNode0,Node1,[ ]
32,3200,-6.34715,Node1,Node2,[ ]
32,3200,-6.34715,Node2,Node3,[ ]
32,3200,-6.34715,Node3,BNode1,[ ]
32,3200,-6.34715,BNode1,Node4,[ ]
32,3200,-6.34715,Node4,Node5,[ ]
32,3200,-6.34715,Node5,Node6,[ ]
32,3200,-6.34715,Node6,Node7,[ ]
32,3200,-6.34715,Node7,Node8,[ ]
32,3200,-6.34715,Node8,Node9,[ ]
32,3200,-6.34715,Node9,Node10,[ ]
32,3200,-6.34715,Node10,taxaB,[ ]
32,3200,-6.34715,BNode1,Node11,[ ]
32,3200,-6.34715,Node11,Node12,[ ]
32,3200,-6.34715,Node12,Node13,[ ]
32,3200,-6.34715,Node13,taxaC,[ ]
32,3200,-6.34715,,MNode0,[ ]
32,3200,-6.34715,MNode0,Node14,[ ]
32,3200,-6.34715,Node14,taxaD,[ ]
32,3200,-6.34715,MNode0,Node15,[ F7N ]
32,3200,-6.34715,Node15,taxaE,[ ]
33,3300,-6.26246,,BNode0,[ ]
33,3300,-6.26246,BNode0,Node0,[ ]
33,3300,-6.26246,Node0,taxaA,[ ]
33,3300,-6.26246,BNode0,Node1,[ ]
33,3300,-6.26246,Node1,Node2,[ ]
33,3300,-6.26246,Node2,Node3,[ ]
33,3300,-6.26246,Node3,BNode1,[ ]
33,3300,-6.26246,BNode1,Node4,[ ]
33,3300,-6.26246,Node4,Node5,[ ]
33,3300,-6.26246,Node5,Node6,[ ]
33,3300,-6.26246,Node6,Node7,[ ]
33,3300,-6.26246,Node7,Node8,[ ]
33,3300,-6.26246,Node8,Node9,[ ]
33,3300,-6.26246,Node9,Node10,[ ]
33,3300,-6.26246,Node10,taxaB,[ ]
33,3300,-6.26246,BNode1,Node11,[ ]
33,3300,-6.26246,Node11,Node12,[ ]
33,3300,-6.26246,Node12,Node13,[ ]
33,3300,-6.26246,Node13,taxaC,[ ]
33,3300,-6.26246,,MNode0,[ ]
33,3300,-6.26246,MNode0,Node14,[ ]
33,3300,-6.26246,Node14,taxaD,[ ]
33,3300,-6.26246,MNode0,Node15,[ F7N ]
33,3300,-6.26246,Node15,taxaE,[ ]
34,3400,-6.43744,,BNode0,[ ]
34,3400,-6.43744,BNode0,Node0,[ ]
34,3400,-6.43744,Node0,taxaA,[ ]
34,3400,-6.43744,BNode0,Node1,[ ]
34,3400,-6.43744,Node1,Node2,[ ]
34,3400,-6.43744,Node2,Node3,[ ]
34,3400,-6.43744,Node3,BNode1,[ ]
34,3400,-6.43744,BNode1,Node4,[ ]
34,3400,-6.43744,Node4,Node5,[ ]
34,3400,-6.43744,Node5,Node6,[ ]
34,3400,-6.43744,Node6,Node7,[ ]
34,3400,-6.43744,Node7,Node8,[ ]
34,3400,-6.43744,Node8,Node9,[ ]
34,3400,-6.43744,Node9,Node10,[ ]
34,3400,-6.43744,Node10,taxaB,[ ]
34,3400,-6.43744,BNode1,Node11,[ ]
34,3400,-6.43744,Node11,Node12,[ ]
34,3400,-6.43744,Node12,Node13,[ ]
34,3400,-6.43744,Node13,taxaC,[ ]
34,3400,-6.43744,,MNode0,[ ]
34,3400,-6.43744,MNode0,Node14,[ ]
34,3400,-6.43744,Node14,taxaD,[ ]
34,3400,-6.43744,MNode0,Node15,[ ]
34,3400,-6.43744,Node15,taxaE,[ F7N ]
35,3500,-6.52707,,BNode0,[ ]
35,3500,-6.52707,BNode0,Node0,[ ]
35,3500,-6.52707,Node0,taxaA,[ ]
35,3500,-6.52707,BNode0,Node1,[ ]
35,3500,-6.52707,Node1,Node2,[ ]
35,3500,-6.52707,Node2,Node3,[ ]
35,3500,-6.52707,Node3,BNode1,[ ]
35,3500,-6.52707,BNode1,Node4,[ ]
35,3500,-6.52707,Node4,Node5,[ ]
35,3500,-6.52707,Node5,Node6,[ ]
35,3500,-6.52707,Node6,Node7,[ ]
35,3500,-6.52707,Node7,Node8,[ ]
35,3500,-6.52707,Node8,Node9,[ ]
35,3500,-6.52707,Node9,Node10,[ ]
35,3500,-6.52707,Node10,taxaB,[ ]
35,3500,-6.52707,BNode1,Node11,[ ]
35,3500,-6.52707,Node11,Node12,[ ]
35,3500,-6.52707,Node12,Node13,[ ]
35,3500,-6.52707,Node13,taxaC,[ ]
35,3500,-6.52707,,MNode0,[ ]
35,3500,-6.52707,MNode0,Node14,[ ]
35,3500,-6.52707,Node14,taxaD,[ ]
35,3500,-6.52707,MNode0,Node15,[ ]
35,3500,-6.52707,Node15,taxaE,[ F7N ]
36,3600,-6.87436,,BNode0,[ ]
36,3600,-6.87436,BNode0,Node0,[ ]
36,3600,-6.87436,Node0,taxaA,[ ]
36,3600,-6.87436,BNode0,Node1,[ ]
36,3600,-6.87436,Node1,Node2,[ ]
36,3600,-6.87436,Node2,Node3,[ ]
36,3600,-6.87436,Node3,BNode1,[ ]
36,3600,-6.87436,BNode1,Node4,[ ]
36,3600,-6.87436,Node4,Node5,[ ]
36,3600,-6.87436,Node5,Node6,[ ]
36,3600,-6.87436,Node6,Node7,[ ]
36,3600,-6.87436,Node7,Node8,[ ]
36,3600,-6.87436,Node8,Node9,[ ]
36,3600,-6.87436,Node9,Node10,[ ]
36,3600,-6.87436,Node10,taxaB,[ ]
36,3600,-6.87436,BNode1,Node11,[ ]
36,3600,-6.87436,Node11,Node12,[ ]
36,3600,-6.87436,Node12,Node13,[ ]
36,3600,-6.87436,Node13,taxaC,[ ]
36,3600,-6.87436,,MNode0,[ ]
36,3600,-6.87436,MNode0,Node14,[ ]
36,3600,-6.87436,Node14,taxaD,[ ]
36,3600,-6.87436,MNode0,Node15,[ ]
36,3600,-6.87436,Node15,taxaE,[ F7N ]
37,3700,-6.77373,,BNode0,[ ]
37,3700,-6.77373,BNode0,Node0,[ ]
37,3700,-6.77373,Node0,taxaA,[ ]
37,3700,-6.77373,BNode0,Node1,[ ]
37,3700,-6.77373,Node1,Node2,[ ]
37,3700,-6.77373,Node2,Node3,[ ]
37,3700,-6.77373,Node3,BNode1,[ ]
37,3700,-6.77373,BNode1,Node4,[ ]
37,3700,-6.77373,Node4,Node5,[ ]
37,3700,-6.77373,Node5,Node6,[ ]
37,3700,-6.77373,Node6,Node7,[ ]
37,3700,-6.77373,Node7,Node8,[ ]
37,3700,-6.77373,Node8,Node9,[ ]
37,3700,-6.77373,Node9,Node10,[ ]
37,3700,-6.77373,Node10,taxaB,[ ]
37,3700,-6.77373,BNode1,Node11,[ ]
37,3700,-6.77373,Node11,Node12,[ ]
37,3700,-6.77373,Node12,Node13,[ ]
37,3700,-6.77373,Node13,taxaC,[ ]
37,3700,-6.77373,,MNode0,[ ]
37,3700,-6.77373,MNode0,Node14,[ ]
37,3700,-6.77373,Node14,taxaD,[ ]
37,3700,-6.77373,MNode0,Node15,[ ]
37,3700,-6.77373,Node15,taxaE,[ F7N ]
38,3800,-6.58092,,BNode0,[ ]
38,3800,-6.58092,BNode0,Node0,[ ]
38,3800,-6.58092,Node0,taxaA,[ ]
38,3800,-6.58092,BNode0,Node1,[ ]
38,3800,-6.58092,Node1,Node2,[ ]
38,3800,-6.58092,Node2,Node3,[ ]
38,3800,-6.58092,Node3,BNode1,[ ]
38,3800,-6.58092,BNode1,Node4,[ ]
38,3800,-6.58092,Node4,Node5,[ ]
38,3800,-6.58092,Node5,Node6,[ ]
38,3800,-6.58092,Node6,Node7,[ ]
38,3800,-6.58092,Node7,Node8,[ ]
38,3800,-6.58092,Node8,Node9,[ ]
38,3800,-6.58092,Node9,Node10,[ ]
38,3800,-6.58092,Node10,taxaB,[ ]
38,3800,-6.58092,BNode1,Node11,[ ]
38,3800,-6.58092,Node11,Node12,[ ]
38,3800,-6.58092,Node12,Node13,[ ]
38,3800,-6.58092,Node13,taxaC,[ ]
38,3800,-6.58092,,MNode0,[ ]
38,3800,-6.58092,MNode0,Node14,[ ]
38,3800,-6.58092,Node14,taxaD,[ ]
38,3800,-6.58092,MNode0,Node15,[ ]
38,3800,-6.58092,Node15,taxaE,[ F7N ]
39,3900,-6.51627,,BNode0,[ ]
39,3900,-6.51627,BNode0,Node0,[ ]
39,3900,-6.51627,Node0,taxaA,[ ]
39,3900,-6.51627,BNode0,Node1,[ ]
39,3900,-6.51627,Node1,Node2,[ ]
39,3900,-6.51627,Node2,Node3,[ ]
39,3900,-6.51627,Node3,BNode1,[ ]
39,3900,-6.51627,BNode1,Node4,[ ]
39,3900,-6.51627,Node4,Node5,[ ]
39,3900,-6.51627,Node5,Node6,[ ]
39,3900,-6.51627,Node6,Node7,[ ]
39,3900,-6.51627,Node7,Node8,[ ]
39,3900,-6.51627,Node8,Node9,[ ]
39,3900,-6.51627,Node9,Node10,[ ]
39,3900,-6.51627,Node10,taxaB,[ ]
39,3900,-6.51627,BNode1,Node11,[ ]
39,3900,-6.51627,Node11,Node12,[ ]
39,3900,-6.51627,Node12,Node13,[ ]
39,3900,-6.51627,Node13,taxaC,[ ]
39,3900,-6.51627,,MNode0,[ ]
39,3900,-6.51627,MNode0,Node14,[ ]
39,3900,-6.51627,Node14,taxaD,[ ]
39,3900,-6.51627,MNode0,Node15,[ ]
39,3900,-6.51627,Node15,taxaE,[ F7N ]
40,4000,-6.83496,,BNode0,[ ]
40,4000,-6.83496,BNode0,Node0,[ ]
40,4000,-6.83496,Node0,taxaA,[ ]
40,4000,-6.83496,BNode0,Node1,[ ]
40,4000,-6.83496,Node1,Node2,[ ]
40,4000,-6.83496,Node2,Node3,[ ]
40,4000,-6.83496,Node3,BNode1,[ ]
40,4000,-6.83496,BNode1,Node4,[ ]
40,4000,-6.83496,Node4,Node5,[ ]
40,4000,-6.83496,Node5,Node6,[ ]
40,4000,-6.83496,Node6,Node7,[ ]
40,4000,-6.83496,Node7,Node8,[ ]
40,4000,-6.83496,Node8,Node9,[ ]
40,4000,-6.83496,Node9,Node10,[ ]
40,4000,-6.83496,Node10,taxaB,[ ]
40,4000,-6.83496,BNode1,Node11,[ ]
40,4000,-6.83496,Node11,Node12,[ ]
40,4000,-6.83496,Node12,Node13,[ ]
40,4000,-6.83496,Node13,taxaC,[ ]
40,4000,-6.83496,,MNode0,[ ]
40,4000,-6.83496,MNode0,Node14,[ ]
40,4000,-6.83496,Node14,taxaD,[ ]
40,4000,-6.83496,MNode0,Node15,[ F7N ]
40,4000,-6.83496,Node15,taxaE,[ ]
41,4100,-7.10026,,BNode0,[ ]
41,4100,-7.10026,BNode0,Node0,[ ]
41,4100,-7.10026,Node0,taxaA,[ ]
41,4100,-7.10026,BNode0,Node1,[ ]
41,4100,-7.10026,Node1,Node2,[ ]
41,4100,-7.10026,Node2,Node3,[ ]
41,4100,-7.10026,Node3,BNode1,[ ]
41,4100,-7.10026,BNode1,Node4,[ ]
41,4100,-7.10026,Node4,Node5,[ ]
41,4100,-7.10026,Node5,Node6,[ ]
41,4100,-7.10026,Node6,Node7,[ ]
41,4100,-7.10026,Node7,Node8,[ ]
41,4100,-7.10026,Node8,Node9,[ ]
41,4100,-7.10026,Node9,Node10,[ ]
41,4100,-7.10026,Node10,taxaB,[ ]
41,4100,-7.10026,BNode1,Node11,[ ]
41,4100,-7.10026,Node11,Node12,[ ]
41,4100,-7.10026,Node12,Node13,[ ]
41,4100,-7.10026,Node13,taxaC,[ ]
41,4100,-7.10026,,MNode0,[ ]
41,4100,-7.10026,MNode0,Node14,[ ]
41,4100,-7.10026,Node14,taxaD,[ ]
41,4100,-7.10026,MNode0,Node15,[ F7N ]
41,4100,-7.10026,Node15,taxaE,[ ]
42,4200,-7.25282,,BNode0,[ ]
42,4200,-7.25282,BNode0,Node0,[ ]
42,4200,-7.25282,Node0,taxaA,[ ]
42,4200,-7.25282,BNode0,Node1,[ ]
42,4200,-7.25282,Node1,Node2,[ ]
42,4200,-7.25282,Node2,Node3,[ ]
42,4200,-7.25282,Node3,BNode1,[ ]
42,4200,-7.25282,BNode1,Node4,[ ]
42,4200,-7.25282,Node4,Node5,[ ]
42,4200,-7.25282,Node5,Node6,[ ]
42,4200,-7.25282,Node6,Node7,[ ]
42,4200,-7.25282,Node7,Node8,[ ]
42,4200,-7.25282,Node8,Node9,[ ]
42,4200,-7.25282,Node9,Node10,[ ]
42,4200,-7.25282,Node10,taxaB,[ ]
42,4200,-7.25282,BNode1,Node11,[ ]
42,4200,-7.25282,Node11,Node12,[ ]
42,4200,-7.25282,Node12,Node13,[ ]
42,4200,-7.25282,Node13,taxaC,[ ]
42,4200,-7.25282,,MNode0,[ ]
42,4200,-7.25282,MNode0,Node14,[ ]
42,4200,-7.25282,Node14,taxaD,[ ]
42,4200,-7.25282,MNode0,Node15,[ F7N ]
42,4200,-7.25282,Node15,taxaE,[ ]
43,4300,-6.84586,,BNode0,[ ]
43,4300,-6.84586,BNode0,Node0,[ ]
43,4300,-6.84586,Node0,taxaA,[ ]
43,4300,-6.84586,BNode0,Node1,[ ]
43,4300,-6.84586,Node1,Node2,[ ]
43,4300,-6.84586,Node2,Node3,[ ]
43,4300,-6.84586,Node3,BNode1,[ ]
43,4300,-6.84586,BNode1,Node4,[ ]
43,4300,-6.84586,Node4,Node5,[ ]
43,4300,-6.84586,Node5,Node6,[ ]
43,4300,-6.84586,Node6,Node7,[ ]
43,4300,-6.84586,Node7,Node8,[ ]
43,4300,-6.84586,Node8,Node9,[ ]
43,4300,-6.84586,Node9,Node10,[ ]
43,4300,-6.84586,Node10,taxaB,[ ]
43,4300,-6.84586,BNode1,Node11,[ ]
43,4300,-6.84586,Node11,Node12,[ ]
43,4300,-6.84586,Node12,Node13,[ ]
43,4300,-6.84586,Node13,taxaC,[ ]
43,4300,-6.84586,,MNode0,[ ]
43,4300,-6.84586,MNode0,Node14,[ ]
43,4300,-6.84586,Node14,taxaD,[ ]
43,4300,-6.84586,MNode0,Node15,[ F7N ]
43,4300,-6.84586,Node15,taxaE,[ ]
44,4400,-6.44853,,BNode0,[ ]
44,4400,-6.44853,BNode0,Node0,[ ]
44,4400,-6.44853,Node0,taxaA,[ ]
44,4400,-6.44853,BNode0,Node1,[ ]
44,4400,-6.44853,Node1,Node2,[ ]
44,4400,-6.44853,Node2,Node3,[ ]
44,4400,-6.44853,Node3,BNode1,[ ]
44,4400,-6.44853,BNode1,Node4,[ ]
44,4400,-6.44853,Node4,Node5,[ ]
44,4400,-6.44853,Node5,Node6,[ ]
44,4400,-6.44853,Node6,Node7,[ ]
44,4400,-6.44853,Node7,Node8,[ ]
44,4400,-6.44853,Node8,Node9,[ ]
44,4400,-6.44853,Node9,Node10,[ ]
44,4400,-6.44853,Node10,taxaB,[ ]
44,4400,-6.44853,BNode1,Node11,[ ]
44,4400,-6.44853,Node11,Node12,[ ]
44,4400,-6.44853,Node12,Node13,[ ]
44,4400,-6.44853,Node13,taxaC,[ ]
44,4400,-6.44853,,MNode0,[ ]
44,4400,-6.44853,MNode0,Node14,[ ]
44,4400,-6.44853,Node14,taxaD,[ ]
44,4400,-6.44853,MNode0,Node15,[ F7N ]
44,4400,-6.44853,Node15,taxaE,[ ]
45,4500,-6.33459,,BNode0,[ ]
45,4500,-6.33459,BNode0,Node0,[ ]
45,4500,-6.33459,Node0,taxaA,[ ]
45,4500,-6.33459,BNode0,Node1,[ ]
45,4500,-6.33459,Node1,Node2,[ ]
45,4500,-6.33459,Node2,Node3,[ ]
45,4500,-6.33459,Node3,BNode1,[ ]
45,4500,-6.33459,BNode1,Node4,[ ]
45,4500,-6.33459,Node4,Node5,[ ]
45,4500,-6.33459,Node5,Node6,[ ]
45,4500,-6.33459,Node6,Node7,[ ]
45,4500,-6.33459,Node7,Node8,[ ]
45,4500,-6.33459,Node8,Node9,[ ]
45,4500,-6.33459,Node9,Node10,[ ]
45,4500,-6.33459,Node10,taxaB,[ ]
45,4500,-6.33459,BNode1,Node11,[ ]
45,4500,-6.33459,Node11,Node12,[ ]
45,4500,-6.33459,Node12,Node13,[ ]
45,4500,-6.33459,Node13,taxaC,[ ]
45,4500,-6.33459,,MNode0,[ ]
45,4500,-6.33459,MNode0,Node14,[ ]
45,4500,-6.33459,Node14,taxaD,[ ]
45,4500,-6.33459,MNode0,Node15,[ ]
45,4500,-6.33459,Node15,taxaE,[ F7N ]
46,4600,-6.36435,,BNode0,[ ]
46,4600,-6.36435,BNode0,Node0,[ ]
46,4600,-6.36435,Node0,taxaA,[ ]
46,4600,-6.36435,BNode0,Node1,[ ]
46,4600,-6.36435,Node1,Node2,[ ]
46,4600,-6.36435,Node2,Node3,[ ]
46,4600,-6.36435,Node3,BNode1,[ ]
46,4600,-6.36435,BNode1,Node4,[ ]
46,4600,-6.36435,Node4,Node5,[ ]
46,4600,-6.36435,Node5,Node6,[ ]
46,4600,-6.36435,Node6,Node7,[ ]
46,4600,-6.36435,Node7,Node8,[ ]
46,4600,-6.36435,Node8,Node9,[ ]
46,4600,-6.36435,Node9,Node10,[ ]
46,4600,-6.36435,Node10,taxaB,[ ]
46,4600,-6.36435,BNode1,Node11,[ ]
46,4600,-6.36435,Node11,Node12,[ ]
46,4600,-6.36435,Node12,Node13,[ ]
46,4600,-6.36435,Node13,taxaC,[ ]
46,4600,-6.36435,,MNode0,[ ]
46,4600,-6.36435,MNode0,Node14,[ ]
46,4600,-6.36435,Node14,taxaD,[ ]
46,4600,-6.36435,MNode0,Node15,[ ]
46,4600,-6.36435,Node15,taxaE,[ F7N ]
47,4700,-6.40108,,BNode0,[ ]
47,4700,-6.40108,BNode0,Node0,[ ]
47,4700,-6.40108,Node0,taxaA,[ ]
47,4700,-6.40108,BNode0,Node1,[ ]
47,4700,-6.40108,Node1,Node2,[ ]
47,4700,-6.40108,Node2,Node3,[ ]
47,4700,-6.40108,Node3,BNode1,[ ]
47,4700,-6.40108,BNode1,Node4,[ ]
47,4700,-6.40108,Node4,Node5,[ ]
47,4700,-6.40108,Node5,Node6,[ ]
47,4700,-6.40108,Node6,Node7,[ ]
47,4700,-6.40108,Node7,Node8,[ ]
47,4700,-6.40108,Node8,Node9,[ ]
47,4700,-6.40108,Node9,Node10,[ ]
47,4700,-6.40108,Node10,taxaB,[ ]
47,4700,-6.40108,BNode1,Node11,[ ]
47,4700,-6.40108,Node11,Node12,[ ]
47,4700,-6.40108,Node12,Node13,[ ]
47,4700,-6.40108,Node13,taxaC,[ ]
47,4700,-6.40108,,MNode0,[ ]
47,4700,-6.40108,MNode0,Node14,[ ]
47,4700,-6.40108,Node14,taxaD,[ ]
47,4700,-6.40108,MNode0,Node15,[ ]
47,4700,-6.40108,Node15,taxaE,[ F7N ]
48,4800,-6.29756,,BNode0,[ ]
48,4800,-6.29756,BNode0,Node0,[ ]
48,4800,-6.29756,Node0,taxaA,[ ]
48,4800,-6.29756,BNode0,Node1,[ ]
48,4800,-6.29756,Node1,Node2,[ ]
48,4800,-6.29756,Node2,Node3,[ ]
48,4800,-6.29756,Node3,BNode1,[ ]
48,4800,-6.29756,BNode1,Node4,[ ]
48,4800,-6.29756,Node4,Node5,[ ]
48,4800,-6.29756,Node5,Node6,[ ]
48,4800,-6.29756,Node6,Node7,[ ]
48,4800,-6.29756,Node7,Node8,[ ]
48,4800,-6.29756,Node8,Node9,[ ]
48,4800,-6.29756,Node9,Node10,[ ]
48,4800,-6.29756,Node10,taxaB,[ ]
48,4800,-6.29756,BNode1,Node11,[ ]
48,4800,-6.29756,Node11,Node12,[ ]
48,4800,-6.29756,Node12,Node13,[ ]
48,4800,-6.29756,Node13,taxaC,[ ]
48,4800,-6.29756,,MNode0,[ ]
48,4800,-6.29756,MNode0,Node14,[ ]
48,4800,-6.29756,Node14,taxaD,[ ]
48,4800,-6.29756,MNode0,Node15,[ ]
48,4800,-6.29756,Node15,taxaE,[ F7N ]
49,4900,-12.7015,,BNode0,[ ]
49,4900,-12.7015,BNode0,Node0,[ ]
49,4900,-12.7015,Node0,taxaA,[ ]
49,4900,-12.7015,BNode0,Node1,[ ]
49,4900,-12.7015,Node1,Node2,[ ]
49,4900,-12.7015,Node2,Node3,[ ]
49,4900,-12.7015,Node3,BNode1,[ ]
49,4900,-12.7015,BNode1,Node4,[ F2F ]
49,4900,-12.7015,Node4,Node5,[ ]
49,4900,-12.7015,Node5,Node6,[ ]
49,4900,-12.7015,Node6,Node7,[ ]
49,4900,-12.7015,Node7,Node8,[ ]
49,4900,-12.7015,Node8,Node9,[ ]
49,4900,-12.7015,Node9,Node10,[ ]
49,4900,-12.7015,Node10,taxaB,[ ]
49,4900,-12.7015,BNode1,Node11,[ ]
49,4900,-12.7015,Node11,Node12,[ ]
49,4900,-12.7015,Node12,Node13,[ ]
49,4900,-12.7015,Node13,taxaC,[ ]
49,4900,-12.7015,,MNode0,[ ]
49,4900,-12.7015,MNode0,Node14,[ ]
49,4900,-12.7015,Node14,taxaD,[ ]
49,4900,-12.7015,MNode0,Node15,[ ]
49,4900,-12.7015,Node15,taxaE,[ F7N ]
50,5000,-12.852,,BNode0,[ ]
50,5000,-12.852,BNode0,Node0,[ ]
50,5000,-12.852,Node0,taxaA,[ ]
50,5000,-12.852,BNode0,Node1,[ ]
50,5000,-12.852,Node1,Node2,[ ]
50,5000,-12.852,Node2,Node3,[ ]
50,5000,-12.852,Node3,BNode1,[ ]
50,5000,-12.852,BNode1,Node4,[ F2F ]
50,5000,-12.852,Node4,Node5,[ ]
50,5000,-12.852,Node5,Node6,[ ]
50,5000,-12.852,Node6,Node7,[ ]
50,5000,-12.852,Node7,Node8,[ ]
50,5000,-12.852,Node8,Node9,[ ]
50,5000,-12.852,Node9,Node10,[ ]
50,5000,-12.852,Node10,taxaB,[ ]
50,5000,-12.852,BNode1,Node11,[ ]
50,5000,-12.852,Node11,Node12,[ ]
50,5000,-12.852,Node12,Node13,[ ]
50,5000,-12.852,Node13,taxaC,[ ]
50,5000,-12.852,,MNode0,[ ]
50,5000,-12.852,MNode0,Node14,[ ]
50,5000,-12.852,Node14,taxaD,[ ]
50,5000,-12.852,MNode0,Node15,[ ]
50,5000,-12.852,Node15,taxaE,[ F7N ]
51,5100,-12.7363,,BNode0,[ ]
51,5100,-12.7363,BNode0,Node0,[ ]
51,5100,-12.7363,Node0,taxaA,[ ]
51,5100,-12.7363,BNode0,Node1,[ ]
51,5100,-12.7363,Node1,Node2,[ ]
51,5100,-12.7363,Node2,Node3,[ ]
51,5100,-12.7363,Node3,BNode1,[ ]
51,5100,-12.7363,BNode1,Node4,[ F2F ]
51,5100,-12.7363,Node4,Node5,[ ]
51,5100,-12.7363,Node5,Node6,[ ]
51,5100,-12.7363,Node6,Node7,[ ]
51,5100,-12.7363,Node7,Node8,[ ]
51,5100,-12.7363,Node8,Node9,[ ]
51,5100,-12.7363,Node9,Node10,[ ]
51,5100,-12.7363,Node10,taxaB,[ ]
51,5100,-12.7363,BNode1,Node11,[ ]
51,5100,-12.7363,Node11,Node12,[ ]
51,5100,-12.7363,Node12,Node13,[ ]
51,5100,-12.7363,Node13,taxaC,[ ]
51,5100,-12.7363,,MNode0,[ ]
51,5100,-12.7363,MNode0,Node14,[ ]
51,5100,-12.7363,Node14,taxaD,[ ]
51,5100,-12.7363,MNode0,Node15,[ ]
51,5100,-12.7363,Node15,taxaE,[ F7N ]
52,5200,-12.8474,,BNode0,[ ]
52,5200,-12.8474,BNode0,Node0,[ ]
52,5200,-12.8474,Node0,taxaA,[ ]
52,5200,-12.8474,BNode0,Node1,[ ]
52,5200,-12.8474,Node1,Node2,[ ]
52,5200,-12.8474,Node2,Node3,[ ]
52,5200,-12.8474,Node3,BNode1,[ ]
52,5200,-12.8474,BNode1,Node4,[ F2F ]
52,5200,-12.8474,Node4,Node5,[ ]
52,5200,-12.8474,Node5,Node6,[ ]
52,5200,-12.8474,Node6,Node7,[ ]
52,5200,-12.8474,Node7,Node8,[ ]
52,5200,-12.8474,Node8,Node9,[ ]
52,5200,-12.8474,Node9,Node10,[ ]
52,5200,-12.8474,Node10,taxaB,[ ]
52,5200,-12.8474,BNode1,Node11,[ ]
52,5200,-12.8474,Node11,Node12,[ ]
52,5200,-12.8474,Node12,Node13,[ ]
52,5200,-12.8474,Node13,taxaC,[ ]
52,5200,-12.8474,,MNode0,[ ]
52,5200,-12.8474,MNode0,Node14,[ ]
52,5200,-12.8474,Node14,taxaD,[ ]
52,5200,-12.8474,MNode0,Node15,[ ]
52,5200,-12.8474,Node15,taxaE,[ F7N ]
53,5300,-12.8953,,BNode0,[ ]
53,5300,-12.8953,BNode0,Node0,[ ]
53,5300,-12.8953,Node0,taxaA,[ ]
53,5300,-12.8953,BNode0,Node1,[ ]
53,5300,-12.8953,Node1,Node2,[ ]
53,5300,-12.8953,Node2,Node3,[ ]
53,5300,-12.8953,Node3,BNode1,[ ]
53,5300,-12.8953,BNode1,Node4,[ F2F ]
53,5300,-12.8953,Node4,Node5,[ ]
53,5300,-12.8953,Node5,Node6,[ ]
53,5300,-12.8953,Node6,Node7,[ ]
53,5300,-12.8953,Node7,Node8,[ ]
53,5300,-12.8953,Node8,Node9,[ ]
53,5300,-12.8953,Node9,Node10,[ ]
53,5300,-12.8953,Node10,taxaB,[ ]
53,5300,-12.8953,BNode1,Node11,[ ]
53,5300,-12.8953,Node11,Node12,[ ]
53,5300,-12.8953,Node12,Node13,[ ]
53,5300,-12.8953,Node13,taxaC,[ ]
53,5300,-12.8953,,MNode0,[ ]
53,5300,-12.8953,MNode0,Node14,[ ]
53,5300,-12.8953,Node14,taxaD,[ ]
53,5300,-12.8953,MNode0,Node15,[ ]
53,5300,-12.8953,Node15,taxaE,[ F7N ]
54,5400,-6.75917,,BNode0,[ ]
54,5400,-6.75917,BNode0,Node0,[ ]
54,5400,-6.75917,Node0,taxaA,[ ]
54,5400,-6.75917,BNode0,Node1,[ ]
54,5400,-6.75917,Node1,Node2,[ ]
54,5400,-6.75917,Node2,Node3,[ ]
54,5400,-6.75917,Node3,BNode1,[ ]
54,5400,-6.75917,BNode1,Node4,[ ]
54,5400,-6.75917,Node4,Node5,[ ]
54,5400,-6.75917,Node5,Node6,[ ]
54,5400,-6.75917,Node6,Node7,[ ]
54,5400,-6.75917,Node7,Node8,[ ]
54,5400,-6.75917,Node8,Node9,[ ]
54,5400,-6.75917,Node9,Node10,[ ]
54,5400,-6.75917,Node10,taxaB,[ ]
54,5400,-6.75917,BNode1,Node11,[ ]
54,5400,-6.75917,Node11,Node12,[ ]
54,5400,-6.75917,Node12,Node13,[ ]
54,5400,-6.75917,Node13,taxaC,[ ]
54,5400,-6.75917,,MNode0,[ ]
54,5400,-6.75917,MNode0,Node14,[ ]
54,5400,-6.75917,Node14,taxaD,[ ]
54,5400,-6.75917,MNode0,Node15,[ F7N ]
54,5400,-6.75917,Node15,taxaE,[ ]
55,5500,-7.33831,,BNode0,[ ]
55,5500,-7.33831,BNode0,Node0,[ ]
55,5500,-7.33831,Node0,taxaA,[ ]
55,5500,-7.33831,BNode0,Node1,[ ]
55,5500,-7.33831,Node1,Node2,[ ]
55,5500,-7.33831,Node2,Node3,[ ]
55,5500,-7.33831,Node3,BNode1,[ ]
55,5500,-7.33831,BNode1,Node4,[ ]
55,5500,-7.33831,Node4,Node5,[ ]
55,5500,-7.33831,Node5,Node6,[ ]
55,5500,-7.33831,Node6,Node7,[ ]
55,5500,-7.33831,Node7,Node8,[ ]
55,5500,-7.33831,Node8,Node9,[ ]
55,5500,-7.33831,Node9,Node10,[ ]
55,5500,-7.33831,Node10,taxaB,[ ]
55,5500,-7.33831,BNode1,Node11,[ ]
55,5500,-7.33831,Node11,Node12,[ ]
55,5500,-7.33831,Node12,Node13,[ ]
55,5500,-7.33831,Node13,taxaC,[ ]
55,5500,-7.33831,,MNode0,[ ]
55,5500,-7.33831,MNode0,Node14,[ ]
55,5500,-7.33831,Node14,taxaD,[ ]
55,5500,-7.33831,MNode0,Node15,[ F7N ]
55,5500,-7.33831,Node15,taxaE,[ ]
56,5600,-6.56383,,BNode0,[ ]
56,5600,-6.56383,BNode0,Node0,[ ]
56,5600,-6.56383,Node0,taxaA,[ ]
56,5600,-6.56383,BNode0,Node1,[ ]
56,5600,-6.56383,Node1,Node2,[ ]
56,5600,-6.56383,Node2,Node3,[ ]
56,5600,-6.56383,Node3,BNode1,[ ]
56,5600,-6.56383,BNode1,Node4,[ ]
56,5600,-6.56383,Node4,Node5,[ ]
56,5600,-6.56383,Node5,Node6,[ ]
56,5600,-6.56383,Node6,Node7,[ ]
56,5600,-6.56383,Node7,Node8,[ ]
56,5600,-6.56383,Node8,Node9,[ ]
56,5600,-6.56383,Node9,Node10,[ ]
56,5600,-6.56383,Node10,taxaB,[ ]
56,5600,-6.56383,BNode1,Node11,[ ]
56,5600,-6.56383,Node11,Node12,[ ]
56,5600,-6.56383,Node12,Node13,[ ]
56,5600,-6.56383,Node13,taxaC,[ ]
56,5600,-6.56383,,MNode0,[ ]
56,5600,-6.56383,MNode0,Node14,[ ]
56,5600,-6.56383,Node14,taxaD,[ ]
56,5600,-6.56383,MNode0,Node15,[ F7N ]
56,5600,-6.56383,Node15,taxaE,[ ]
57,5700,-7.00251,,BNode0,[ ]
57,5700,-7.00251,BNode0,Node0,[ ]
57,5700,-7.00251,Node0,taxaA,[ ]
57,5700,-7.00251,BNode0,Node1,[ ]
57,5700,-7.00251,Node1,Node2,[ ]
57,5700,-7.00251,Node2,Node3,[ ]
57,5700,-7.00251,Node3,BNode1,[ ]
57,5700,-7.00251,BNode1,Node4,[ ]
57,5700,-7.00251,Node4,Node5,[ ]
57,5700,-7.00251,Node5,Node6,[ ]
57,5700,-7.00251,Node6,Node7,[ ]
57,5700,-7.00251,Node7,Node8,[ ]
57,5700,-7.00251,Node8,Node9,[ ]
57,5700,-7.00251,Node9,Node10,[ ]
57,5700,-7.00251,Node10,taxaB,[ ]
57,5700,-7.00251,BNode1,Node11,[ ]
57,5700,-7.00251,Node11,Node12,[ ]
57,5700,-7.00251,Node12,Node13,[ ]
57,5700,-7.00251,Node13,taxaC,[ ]
57,5700,-7.00251,,MNode0,[ ]
57,5700,-7.00251,MNode0,Node14,[ ]
57,5700,-7.00251,Node14,taxaD,[ ]
57,5700,-7.00251,MNode0,Node15,[ F7N ]
57,5700,-7.00251,Node15,taxaE,[ ]
58,5800,-6.37475,,BNode0,[ ]
58,5800,-6.37475,BNode0,Node0,[ ]
58,5800,-6.37475,Node0,taxaA,[ ]
58,5800,-6.37475,BNode0,Node1,[ ]
58,5800,-6.37475,Node1,Node2,[ ]
58,5800,-6.37475,Node2,Node3,[ ]
58,5800,-6.37475,Node3,BNode1,[ ]
58,5800,-6.37475,BNode1,Node4,[ ]
58,5800,-6.37475,Node4,Node5,[ ]
58,5800,-6.37475,Node5,Node6,[ ]
58,5800,-6.37475,Node6,Node7,[ ]
58,5800,-6.37475,Node7,Node8,[ ]
58,5800,-6.37475,Node8,Node9,[ ]
58,5800,-6.37475,Node9,Node10,[ ]
58,5800,-6.37475,Node10,taxaB,[ ]
58,5800,-6.37475,BNode1,Node11,[ ]
58,5800,-6.37475,Node11,Node12,[ ]
58,5800,-6.37475,Node12,Node13,[ ]
58,5800,-6.37475,Node13,taxaC,[ ]
58,5800,-6.37475,,MNode0,[ ]
58,5800,-6.37475,MNode0,Node14,[ ]
58,5800,-6.37475,Node14,taxaD,[ ]
58,5800,-6.37475,MNode0,Node15,[ F7N ]
58,5800,-6.37475,Node15,taxaE,[ ]
59,5900,-12.904,,BNode0,[ ]
59,5900,-12.904,BNode0,Node0,[ ]
59,5900,-12.904,Node0,taxaA,[ ]
59,5900,-12.904,BNode0,Node1,[ ]
59,5900,-12.904,Node1,Node2,[ ]
59,5900,-12.904,Node2,Node3,[ ]
59,5900,-12.904,Node3,BNode1,[ ]
59,5900,-12.904,BNode1,Node4,[ F3F ]
59,5900,-12.904,Node4,Node5,[ ]
59,5900,-12.904,Node5,Node6,[ ]
59,5900,-12.904,Node6,Node7,[ ]
59,5900,-12.904,Node7,Node8,[ ]
59,5900,-12.904,Node8,Node9,[ ]
59,5900,-12.904,Node9,Node10,[ ]
59,5900,-12.904,Node10,taxaB,[ ]
59,5900,-12.904,BNode1,Node11,[ ]
59,5900,-12.904,Node11,Node12,[ ]
59,5900,-12.904,Node12,Node13,[ ]
59,5900,-12.904,Node13,taxaC,[ ]
59,5900,-12.904,,MNode0,[ ]
59,5900,-12.904,MNode0,Node14,[ ]
59,5900,-12.904,Node14,taxaD,[ ]
59,5900,-12.904,MNode0,Node15,[ ]
59,5900,-12.904,Node15,taxaE,[ F7N ]
60,6000,-12.799,,BNode0,[ ]
60,6000,-12.799,BNode0,Node0,[ ]
60,6000,-12.799,Node0,taxaA,[ ]
60,6000,-12.799,BNode0,Node1,[ ]
60,6000,-12.799,Node1,Node2,[ ]
60,6000,-12.799,Node2,Node3,[ ]
60,6000,-12.799,Node3,BNode1,[ ]
60,6000,-12.799,BNode1,Node4,[ F3F ]
60,6000,-12.799,Node4,Node5,[ ]
60,6000,-12.799,Node5,Node6,[ ]
60,6000,-12.799,Node6,Node7,[ ]
60,6000,-12.799,Node7,Node8,[ ]
60,6000,-12.799,Node8,Node9,[ ]
60,6000,-12.799,Node9,Node10,[ ]
60,6000,-12.799,Node10,taxaB,[ ]
60,6000,-12.799,BNode1,Node11,[ ]
60,6000,-12.799,Node11,Node12,[ ]
60,6000,-12.799,Node12,Node13,[ ]
60,6000,-12.799,Node13,taxaC,[ ]
60,6000,-12.799,,MNode0,[ ]
60,6000,-12.799,MNode0,Node14,[ ]
60,6000,-12.799,Node14,taxaD,[ ]
60,6000,-12.799,MNode0,Node15,[ ]
60,6000,-12.799,Node15,taxaE,[ F7N ]
61,6100,-12.7015,,BNode0,[ ]
61,6100,-12.7015,BNode0,Node0,[ ]
61,6100,-12.7015,Node0,taxaA,[ ]
61,6100,-12.7015,BNode0,Node1,[ ]
61,6100,-12.7015,Node1,Node2,[ ]
61,6100,-12.7015,Node2,Node3,[ ]
61,6100,-12.7015,Node3,BNode1,[ ]
61,6100,-12.7015,BNode1,Node4,[ F3F ]
61,6100,-12.7015,Node4,Node5,[ ]
61,6100,-12.7015,Node5,Node6,[ ]
61,6100,-12.7015,Node6,Node7,[ ]
61,6100,-12.7015,Node7,Node8,[ ]
61,6100,-12.7015,Node8,Node9,[ ]
61,6100,-12.7015,Node9,Node10,[ ]
61,6100,-12.7015,Node10,taxaB,[ ]
61,6100,-12.7015,BNode1,Node11,[ ]
61,6100,-12.7015,Node11,Node12,[ ]
61,6100,-12.7015,Node12,Node13,[ ]
61,6100,-12.7015,Node13,taxaC,[ ]
61,6100,-12.7015,,MNode0,[ ]
61,6100,-12.7015,MNode0,Node14,[ ]
61,6100,-12.7015,Node14,taxaD,[ ]
61,6100,-12.7015,MNode0,Node15,[ ]
61,6100,-12.7015,Node15,taxaE,[ F7N ]
62,6200,-12.7017,,BNode0,[ ]
62,6200,-12.7017,BNode0,Node0,[ ]
62,6200,-12.7017,Node0,taxaA,[ ]
62,6200,-12.7017,BNode0,Node1,[ ]
62,6200,-12.7017,Node1,Node2,[ ]
62,6200,-12.7017,Node2,Node3,[ ]
62,6200,-12.7017,Node3,BNode1,[ ]
62,6200,-12.7017,BNode1,Node4,[ F3F ]
62,6200,-12.7017,Node4,Node5,[ ]
62,6200,-12.7017,Node5,Node6,[ ]
62,6200,-12.7017,Node6,Node7,[ ]
62,6200,-12.7017,Node7,Node8,[ ]
62,6200,-12.7017,Node8,Node9,[ ]
62,6200,-12.7017,Node9,Node10,[ ]
62,6200,-12.7017,Node10,taxaB,[ ]
62,6200,-12.7017,BNode1,Node11,[ ]
62,6200,-12.7017,Node11,Node12,[ ]
62,6200,-12.7017,Node12,Node13,[ ]
62,6200,-12.7017,Node13,taxaC,[ ]
62,6200,-12.7017,,MNode0,[ ]
62,6200,-12.7017,MNode0,Node14,[ ]
62,6200,-12.7017,Node14,taxaD,[ ]
62,6200,-12.7017,MNode0,Node15,[ ]
62,6200,-12.7017,Node15,taxaE,[ F7N ]
63,6300,-13.4513,,BNode0,[ ]
63,6300,-13.4513,BNode0,Node0,[ ]
63,6300,-13.4513,Node0,taxaA,[ ]
63,6300,-13.4513,BNode0,Node1,[ ]
63,6300,-13.4513,Node1,Node2,[ ]
63,6300,-13.4513,Node2,Node3,[ ]
63,6300,-13.4513,Node3,BNode1,[ ]
63,6300,-13.4513,BNode1,Node4,[ F3F ]
63,6300,-13.4513,Node4,Node5,[ ]
63,6300,-13.4513,Node5,Node6,[ ]
63,6300,-13.4513,Node6,Node7,[ ]
63,6300,-13.4513,Node7,Node8,[ ]
63,6300,-13.4513,Node8,Node9,[ ]
63,6300,-13.4513,Node9,Node10,[ ]
63,6300,-13.4513,Node10,taxaB,[ ]
63,6300,-13.4513,BNode1,Node11,[ ]
63,6300,-13.4513,Node11,Node12,[ ]
63,6300,-13.4513,Node12,Node13,[ ]
63,6300,-13.4513,Node13,taxaC,[ ]
63,6300,-13.4513,,MNode0,[ ]
63,6300,-13.4513,MNode0,Node14,[ ]
63,6300,-13.4513,Node14,taxaD,[ ]
63,6300,-13.4513,MNode0,Node15,[ ]
63,6300,-13.4513,Node15,taxaE,[ F7N ]
64,6400,-6.97078,,BNode0,[ ]
64,6400,-6.97078,BNode0,Node0,[ ]
64,6400,-6.97078,Node0,taxaA,[ ]
64,6400,-6.97078,BNode0,Node1,[ ]
64,6400,-6.97078,Node1,Node2,[ ]
64,6400,-6.97078,Node2,Node3,[ ]
64,6400,-6.97078,Node3,BNode1,[ ]
64,6400,-6.97078,BNode1,Node4,[ ]
64,6400,-6.97078,Node4,Node5,[ ]
64,6400,-6.97078,Node5,Node6,[ ]
64,6400,-6.97078,Node6,Node7,[ ]
64,6400,-6.97078,Node7,Node8,[ ]
64,6400,-6.97078,Node8,Node9,[ ]
64,6400,-6.97078,Node9,Node10,[ ]
64,6400,-6.97078,Node10,taxaB,[ ]
64,6400,-6.97078,BNode1,Node11,[ ]
64,6400,-6.97078,Node11,Node12,[ ]
64,6400,-6.97078,Node12,Node13,[ ]
64,6400,-6.97078,Node13,taxaC,[ ]
64,6400,-6.97078,,MNode0,[ ]
64,6400,-6.97078,MNode0,Node14,[ ]
64,6400,-6.97078,Node14,taxaD,[ ]
64,6400,-6.97078,MNode0,Node15,[ F7N ]
64,6400,-6.97078,Node15,taxaE,[ ]
65,6500,-6.56462,,BNode0,[ ]
65,6500,-6.56462,BNode0,Node0,[ ]
65,6500,-6.56462,Node0,taxaA,[ ]
65,6500,-6.56462,BNode0,Node1,[ ]
65,6500,-6.56462,Node1,Node2,[ ]
65,6500,-6.56462,Node2,Node3,[ ]
65,6500,-6.56462,Node3,BNode1,[ ]
65,6500,-6.56462,BNode1,Node4,[ ]
65,6500,-6.56462,Node4,Node5,[ ]
65,6500,-6.56462,Node5,Node6,[ ]
65,6500,-6.56462,Node6,Node7,[ ]
65,6500,-6.56462,Node7,Node8,[ ]
65,6500,-6.56462,Node8,Node9,[ ]
65,6500,-6.56462,Node9,Node10,[ ]
65,6500,-6.56462,Node10,taxaB,[ ]
65,6500,-6.56462,BNode1,Node11,[ ]
65,6500,-6.56462,Node11,Node12,[ ]
65,6500,-6.56462,Node12,Node13,[ ]
65,6500,-6.56462,Node13,taxaC,[ ]
65,6500,-6.56462,,MNode0,[ ]
65,6500,-6.56462,MNode0,Node14,[ ]
65,6500,-6.56462,Node14,taxaD,[ ]
65,6500,-6.56462,MNode0,Node15,[ F7N ]
65,6500,-6.56462,Node15,taxaE,[ ]
66,6600,-6.81808,,BNode0,[ ]
66,6600,-6.81808,BNode0,Node0,[ ]
66,6600,-6.81808,Node0,taxaA,[ ]
66,6600,-6.81808,BNode0,Node1,[ ]
66,6600,-6.81808,Node1,Node2,[ ]
66,6600,-6.81808,Node2,Node3,[ ]
66,6600,-6.81808,Node3,BNode1,[ ]
66,6600,-6.81808,BNode1,Node4,[ ]
66,6600,-6.81808,Node4,Node5,[ ]
66,6600,-6.81808,Node5,Node6,[ ]
66,6600,-6.81808,Node6,Node7,[ ]
66,6600,-6.81808,Node7,Node8,[ ]
66,6600,-6.81808,Node8,Node9,[ ]
66,6600,-6.81808,Node9,Node10,[ ]
66,6600,-6.81808,Node10,taxaB,[ ]
66,6600,-6.81808,BNode1,Node11,[ ]
66,6600,-6.81808,Node11,Node12,[ ]
66,6600,-6.81808,Node12,Node13,[ ]
66,6600,-6.81808,Node13,taxaC,[ ]
66,6600,-6.81808,,MNode0,[ ]
66,6600,-6.81808,MNode0,Node14,[ ]
66,6600,-6.81808,Node14,taxaD,[ ]
66,6600,-6.81808,MNode0,Node15,[ F7N ]
66,6600,-6.81808,Node15,taxaE,[ ]
67,6700,-6.60399,,BNode0,[ ]
67,6700,-6.60399,BNode0,Node0,[ ]
67,6700,-6.60399,Node0,taxaA,[ ]
67,6700,-6.60399,BNode0,Node1,[ ]
67,6700,-6.60399,Node1,Node2,[ ]
67,6700,-6.60399,Node2,Node3,[ ]
67,6700,-6.60399,Node3,BNode1,[ ]
67,6700,-6.60399,BNode1,Node4,[ ]
67,6700,-6.60399,Node4,Node5,[ ]
67,6700,-6.60399,Node5,Node6,[ ]
67,6700,-6.60399,Node6,Node7,[ ]
67,6700,-6.60399,Node7,Node8,[ ]
67,6700,-6.60399,Node8,Node9,[ ]
67,6700,-6.60399,Node9,Node10,[ ]
67,6700,-6.60399,Node10,taxaB,[ ]
67,6700,-6.60399,BNode1,Node11,[ ]
67,6700,-6.60399,Node11,Node12,[ ]
67,6700,-6.60399,Node12,Node13,[ ]
67,6700,-6.60399,Node13,taxaC,[ ]
67,6700,-6.60399,,MNode0,[ ]
67,6700,-6.60399,MNode0,Node14,[ ]
67,6700,-6.60399,Node14,taxaD,[ ]
67,6700,-6.60399,MNode0,Node15,[ F7N ]
67,6700,-6.60399,Node15,taxaE,[ ]
68,6800,-6.47147,,BNode0,[ ]
68,6800,-6.47147,BNode0,Node0,[ ]
68,6800,-6.47147,Node0,taxaA,[ ]
68,6800,-6.47147,BNode0,Node1,[ ]
68,6800,-6.47147,Node1,Node2,[ ]
68,6800,-6.47147,Node2,Node3,[ ]
68,6800,-6.47147,Node3,BNode1,[ ]
68,6800,-6.47147,BNode1,Node4,[ ]
68,6800,-6.47147,Node4,Node5,[ ]
68,6800,-6.47147,Node5,Node6,[ ]
68,6800,-6.47147,Node6,Node7,[ ]
68,6800,-6.47147,Node7,Node8,[ ]
68,6800,-6.47147,Node8,Node9,[ ]
68,6800,-6.47147,Node9,Node10,[ ]
68,6800,-6.47147,Node10,taxaB,[ ]
68,6800,-6.47147,BNode1,Node11,[ ]
68,6800,-6.47147,Node11,Node12,[ ]
68,6800,-6.47147,Node12,Node13,[ ]
68,6800,-6.47147,Node13,taxaC,[ ]
68,6800,-6.47147,,MNode0,[ ]
68,6800,-6.47147,MNode0,Node14,[ ]
68,6800,-6.47147,Node14,taxaD,[ ]
68,6800,-6.47147,MNode0,Node15,[ F7N ]
68,6800,-6.47147,Node15,taxaE,[ ]
69,6900,-12.6581,,BNode0,[ F5F ]
69,6900,-12.6581,BNode0,Node0,[ ]
69,6900,-12.6581,Node0,taxaA,[ ]
69,6900,-12.6581,BNode0,Node1,[ ]
69,6900,-12.6581,Node1,Node2,[ ]
69,6900,-12.6581,Node2,Node3,[ ]
69,6900,-12.6581,Node3,BNode1,[ ]
69,6900,-12.6581,BNode1,Node4,[ ]
69,6900,-12.6581,Node4,Node5,[ ]
69,6900,-12.6581,Node5,Node6,[ ]
69,6900,-12.6581,Node6,Node7,[ ]
69,6900,-12.6581,Node7,Node8,[ ]
69,6900,-12.6581,Node8,Node9,[ ]
69,6900,-12.6581,Node9,Node10,[ ]
69,6900,-12.6581,Node10,taxaB,[ ]
69,6900,-12.6581,BNode1,Node11,[ ]
69,6900,-12.6581,Node11,Node12,[ ]
69,6900,-12.6581,Node12,Node13,[ ]
69,6900,-12.6581,Node13,taxaC,[ ]
69,6900,-12.6581,,MNode0,[ ]
69,6900,-12.6581,MNode0,Node14,[ ]
69,6900,-12.6581,Node14,taxaD,[ ]
69,6900,-12.6581,MNode0,Node15,[ F7N ]
69,6900,-12.6581,Node15,taxaE,[ ]
70,7000,-12.6056,,BNode0,[ F5F ]
70,7000,-12.6056,BNode0,Node0,[ ]
70,7000,-12.6056,Node0,taxaA,[ ]
70,7000,-12.6056,BNode0,Node1,[ ]
70,7000,-12.6056,Node1,Node2,[ ]
70,7000,-12.6056,Node2,Node3,[ ]
70,7000,-12.6056,Node3,BNode1,[ ]
70,7000,-12.6056,BNode1,Node4,[ ]
70,7000,-12.6056,Node4,Node5,[ ]
70,7000,-12.6056,Node5,Node6,[ ]
70,7000,-12.6056,Node6,Node7,[ ]
70,7000,-12.6056,Node7,Node8,[ ]
70,7000,-12.6056,Node8,Node9,[ ]
70,7000,-12.6056,Node9,Node10,[ ]
70,7000,-12.6056,Node10,taxaB,[ ]
70,7000,-12.6056,BNode1,Node11,[ ]
70,7000,-12.6056,Node11,Node12,[ ]
70,7000,-12.6056,Node12,Node13,[ ]
70,7000,-12.6056,Node13,taxaC,[ ]
70,7000,-12.6056,,MNode0,[ ]
70,7000,-12.6056,MNode0,Node14,[ ]
70,7000,-12.6056,Node14,taxaD,[ ]
70,7000,-12.6056,MNode0,Node15,[ F7N ]
70,7000,-12.6056,Node15,taxaE,[ ]
71,7100,-12.7938,,BNode0,[ F5F ]
71,7100,-12.7938,BNode0,Node0,[ ]
71,7100,-12.7938,Node0,taxaA,[ ]
71,7100,-12.7938,BNode0,Node1,[ ]
71,7100,-12.7938,Node1,Node2,[ ]
71,7100,-12.7938,Node2,Node3,[ ]
71,7100,-12.7938,Node3,BNode1,[ ]
71,7100,-12.7938,BNode1,Node4,[ ]
71,7100,-12.7938,Node4,Node5,[ ]
71,7100,-12.7938,Node5,Node6,[ ]
71,7100,-12.7938,Node6,Node7,[ ]
71,7100,-12.7938,Node7,Node8,[ ]
71,7100,-12.7938,Node8,Node9,[ ]
71,7100,-12.7938,Node9,Node10,[ ]
71,7100,-12.7938,Node10,taxaB,[ ]
71,7100,-12.7938,BNode1,Node11,[ ]
71,7100,-12.7938,Node11,Node12,[ ]
71,7100,-12.7938,Node12,Node13,[ ]
71,7100,-12.7938,Node13,taxaC,[ ]
71,7100,-12.7938,,MNode0,[ ]
71,7100,-12.7938,MNode0,Node14,[ ]
71,7100,-12.7938,Node14,taxaD,[ ]
71,7100,-12.7938,MNode0,Node15,[ F7N ]
71,7100,-12.7938,Node15,taxaE,[ ]
72,7200,-12.619,,BNode0,[ F5F ]
72,7200,-12.619,BNode0,Node0,[ ]
72,7200,-12.619,Node0,taxaA,[ ]
72,7200,-12.619,BNode0,Node1,[ ]
72,7200,-12.619,Node1,Node2,[ ]
72,7200,-12.619,Node2,Node3,[ ]
72,7200,-12.619,Node3,BNode1,[ ]
72,7200,-12.619,BNode1,Node4,[ ]
72,7200,-12.619,Node4,Node5,[ ]
72,7200,-12.619,Node5,Node6,[ ]
72,7200,-12.619,Node6,Node7,[ ]
72,7200,-12.619,Node7,Node8,[ ]
72,7200,-12.619,Node8,Node9,[ ]
72,7200,-12.619,Node9,Node10,[ ]
72,7200,-12.619,Node10,taxaB,[ ]
72,7200,-12.619,BNode1,Node11,[ ]
72,7200,-12.619,Node11,Node12,[ ]
72,7200,-12.619,Node12,Node13,[ ]
72,7200,-12.619,Node13,taxaC,[ ]
72,7200,-12.619,,MNode0,[ ]
72,7200,-12.619,MNode0,Node14,[ ]
72,7200,-12.619,Node14,taxaD,[ ]
72,7200,-12.619,MNode0,Node15,[ F7N ]
72,7200,-12.619,Node15,taxaE,[ ]
73,7300,-12.7337,,BNode0,[ F5F ]
73,7300,-12.7337,BNode0,Node0,[ ]
73,7300,-12.7337,Node0,taxaA,[ ]
73,7300,-12.7337,BNode0,Node1,[ ]
73,7300,-12.7337,Node1,Node2,[ ]
73,7300,-12.7337,Node2,Node3,[ ]
73,7300,-12.7337,Node3,BNode1,[ ]
73,7300,-12.7337,BNode1,Node4,[ ]
73,7300,-12.7337,Node4,Node5,[ ]
73,7300,-12.7337,Node5,Node6,[ ]
73,7300,-12.7337,Node6,Node7,[ ]
73,7300,-12.7337,Node7,Node8,[ ]
73,7300,-12.7337,Node8,Node9,[ ]
73,7300,-12.7337,Node9,Node10,[ ]
73,7300,-12.7337,Node10,taxaB,[ ]
73,7300,-12.7337,BNode1,Node11,[ ]
73,7300,-12.7337,Node11,Node12,[ ]
73,7300,-12.7337,Node12,Node13,[ ]
73,7300,-12.7337,Node13,taxaC,[ ]
73,7300,-12.7337,,MNode0,[ ]
73,7300,-12.7337,MNode0,Node14,[ ]
73,7300,-12.7337,Node14,taxaD,[ ]
73,7300,-12.7337,MNode0,Node15,[ F7N ]
73,7300,-12.7337,Node15,taxaE,[ ]
74,7400,-6.4511,,BNode0,[ ]
74,7400,-6.4511,BNode0,Node0,[ ]
74,7400,-6.4511,Node0,taxaA,[ ]
74,7400,-6.4511,BNode0,Node1,[ ]
74,7400,-6.4511,Node1,Node2,[ ]
74,7400,-6.4511,Node2,Node3,[ ]
74,7400,-6.4511,Node3,BNode1,[ ]
74,7400,-6.4511,BNode1,Node4,[ ]
74,7400,-6.4511,Node4,Node5,[ ]
74,7400,-6.4511,Node5,Node6,[ ]
74,7400,-6.4511,Node6,Node7,[ ]
74,7400,-6.4511,Node7,Node8,[ ]
74,7400,-6.4511,Node8,Node9,[ ]
74,7400,-6.4511,Node9,Node10,[ ]
74,7400,-6.4511,Node10,taxaB,[ ]
74,7400,-6.4511,BNode1,Node11,[ ]
74,7400,-6.4511,Node11,Node12,[ ]
74,7400,-6.4511,Node12,Node13,[ ]
74,7400,-6.4511,Node13,taxaC,[ ]
74,7400,-6.4511,,MNode0,[ ]
74,7400,-6.4511,MNode0,Node14,[ ]
74,7400,-6.4511,Node14,taxaD,[ ]
74,7400,-6.4511,MNode0,Node15,[ F7N ]
74,7400,-6.4511,Node15,taxaE,[ ]
75,7500,-6.38933,,BNode0,[ ]
75,7500,-6.38933,BNode0,Node0,[ ]
75,7500,-6.38933,Node0,taxaA,[ ]
75,7500,-6.38933,BNode0,Node1,[ ]
75,7500,-6.38933,Node1,Node2,[ ]
75,7500,-6.38933,Node2,Node3,[ ]
75,7500,-6.38933,Node3,BNode1,[ ]
75,7500,-6.38933,BNode1,Node4,[ ]
75,7500,-6.38933,Node4,Node5,[ ]
75,7500,-6.38933,Node5,Node6,[ ]
75,7500,-6.38933,Node6,Node7,[ ]
75,7500,-6.38933,Node7,Node8,[ ]
75,7500,-6.38933,Node8,Node9,[ ]
75,7500,-6.38933,Node9,Node10,[ ]
75,7500,-6.38933,Node10,taxaB,[ ]
75,7500,-6.38933,BNode1,Node11,[ ]
75,7500,-6.38933,Node11,Node12,[ ]
75,7500,-6.38933,Node12,Node13,[ ]
75,7500,-6.38933,Node13,taxaC,[ ]
75,7500,-6.38933,,MNode0,[ ]
75,7500,-6.38933,MNode0,Node14,[ ]
75,7500,-6.38933,Node14,taxaD,[ ]
75,7500,-6.38933,MNode0,Node15,[ F7N ]
75,7500,-6.38933,Node15,taxaE,[ ]
76,7600,-6.3191,,BNode0,[ ]
76,7600,-6.3191,BNode0,Node0,[ ]
76,7600,-6.3191,Node0,taxaA,[ ]
76,7600,-6.3191,BNode0,Node1,[ ]
76,7600,-6.3191,Node1,Node2,[ ]
76,7600,-6.3191,Node2,Node3,[ ]
76,7600,-6.3191,Node3,BNode1,[ ]
76,7600,-6.3191,BNode1,Node4,[ ]
76,7600,-6.3191,Node4,Node5,[ ]
76,7600,-6.3191,Node5,Node6,[ ]
76,7600,-6.3191,Node6,Node7,[ ]
76,7600,-6.3191,Node7,Node8,[ ]
76,7600,-6.3191,Node8,Node9,[ ]
76,7600,-6.3191,Node9,Node10,[ ]
76,7600,-6.3191,Node10,taxaB,[ ]
76,7600,-6.3191,BNode1,Node11,[ ]
76,7600,-6.3191,Node11,Node12,[ ]
76,7600,-6.3191,Node12,Node13,[ ]
76,7600,-6.3191,Node13,taxaC,[ ]
76,7600,-6.3191,,MNode0,[ ]
76,7600,-6.3191,MNode0,Node14,[ ]
76,7600,-6.3191,Node14,taxaD,[ ]
76,7600,-6.3191,MNode0,Node15,[ F7N ]
76,7600,-6.3191,Node15,taxaE,[ ]
77,7700,-6.26045,,BNode0,[ ]
77,7700,-6.26045,BNode0,Node0,[ ]
77,7700,-6.26045,Node0,taxaA,[ ]
77,7700,-6.26045,BNode0,Node1,[ ]
77,7700,-6.26045,Node1,Node2,[ ]
77,7700,-6.26045,Node2,Node3,[ ]
77,7700,-6.26045,Node3,BNode1,[ ]
77,7700,-6.26045,BNode1,Node4,[ ]
77,7700,-6.26045,Node4,Node5,[ ]
77,7700,-6.26045,Node5,Node6,[ ]
77,7700,-6.26045,Node6,Node7,[ ]
77,7700,-6.26045,Node7,Node8,[ ]
77,7700,-6.26045,Node8,Node9,[ ]
77,7700,-6.26045,Node9,Node10,[ ]
77,7700,-6.26045,Node10,taxaB,[ ]
77,7700,-6.26045,BNode1,Node11,[ ]
77,7700,-6.26045,Node11,Node12,[ ]
77,7700,-6.26045,Node12,Node13,[ ]
77,7700,-6.26045,Node13,taxaC,[ ]
77,7700,-6.26045,,MNode0,[ ]
77,7700,-6.26045,MNode0,Node14,[ ]
77,7700,-6.26045,Node14,taxaD,[ ]
77,7700,-6.26045,MNode0,Node15,[ F7N ]
77,7700,-6.26045,Node15,taxaE,[ ]
78,7800,-6.47715,,BNode0,[ ]
78,7800,-6.47715,BNode0,Node0,[ ]
78,7800,-6.47715,Node0,taxaA,[ ]
78,7800,-6.47715,BNode0,Node1,[ ]
78,7800,-6.47715,Node1,Node2,[ ]
78,7800,-6.47715,Node2,Node3,[ ]
78,7800,-6.47715,Node3,BNode1,[ ]
78,7800,-6.47715,BNode1,Node4,[ ]
78,7800,-6.47715,Node4,Node5,[ ]
78,7800,-6.47715,Node5,Node6,[ ]
78,7800,-6.47715,Node6,Node7,[ ]
78,7800,-6.47715,Node7,Node8,[ ]
78,7800,-6.47715,Node8,Node9,[ ]
78,7800,-6.47715,Node9,Node10,[ ]
78,7800,-6.47715,Node10,taxaB,[ ]
78,7800,-6.47715,BNode1,Node11,[ ]
78,7800,-6.47715,Node11,Node12,[ ]
78,7800,-6.47715,Node12,Node13,[ ]
78,7800,-6.47715,Node13,taxaC,[ ]
78,7800,-6.47715,,MNode0,[ ]
78,7800,-6.47715,MNode0,Node14,[ ]
78,7800,-6.47715,Node14,taxaD,[ ]
78,7800,-6.47715,MNode0,Node15,[ F7N ]
78,7800,-6.47715,Node15,taxaE,[ ]
79,7900,-6.52524,,BNode0,[ ]
79,7900,-6.52524,BNode0,Node0,[ ]
79,7900,-6.52524,Node0,taxaA,[ ]
79,7900,-6.52524,BNode0,Node1,[ ]
79,7900,-6.52524,Node1,Node2,[ ]
79,7900,-6.52524,Node2,Node3,[ ]
79,7900,-6.52524,Node3,BNode1,[ ]
79,7900,-6.52524,BNode1,Node4,[ ]
79,7900,-6.52524,Node4,Node5,[ ]
79,7900,-6.52524,Node5,Node6,[ ]
79,7900,-6.52524,Node6,Node7,[ ]
79,7900,-6.52524,Node7,Node8,[ ]
79,7900,-6.52524,Node8,Node9,[ ]
79,7900,-6.52524,Node9,Node10,[ ]
79,7900,-6.52524,Node10,taxaB,[ ]
79,7900,-6.52524,BNode1,Node11,[ ]
79,7900,-6.52524,Node11,Node12,[ ]
79,7900,-6.52524,Node12,Node13,[ ]
79,7900,-6.52524,Node13,taxaC,[ ]
79,7900,-6.52524,,MNode0,[ ]
79,7900,-6.52524,MNode0,Node14,[ ]
79,7900,-6.52524,Node14,taxaD,[ ]
79,7900,-6.52524,MNode0,Node15,[ ]
79,7900,-6.52524,Node15,taxaE,[ F7N ]
80,8000,-6.28336,,BNode0,[ ]
80,8000,-6.28336,BNode0,Node0,[ ]
80,8000,-6.28336,Node0,taxaA,[ ]
80,8000,-6.28336,BNode0,Node1,[ ]
80,8000,-6.28336,Node1,Node2,[ ]
80,8000,-6.28336,Node2,Node3,[ ]
80,8000,-6.28336,Node3,BNode1,[ ]
80,8000,-6.28336,BNode1,Node4,[ ]
80,8000,-6.28336,Node4,Node5,[ ]
80,8000,-6.28336,Node5,Node6,[ ]
80,8000,-6.28336,Node6,Node7,[ ]
80,8000,-6.28336,Node7,Node8,[ ]
80,8000,-6.28336,Node8,Node9,[ ]
80,8000,-6.28336,Node9,Node10,[ ]
80,8000,-6.28336,Node10,taxaB,[ ]
80,8000,-6.28336,BNode1,Node11,[ ]
80,8000,-6.28336,Node11,Node12,[ ]
80,8000,-6.28336,Node12,Node13,[ ]
80,8000,-6.28336,Node13,taxaC,[ ]
80,8000,-6.28336,,MNode0,[ ]
80,8000,-6.28336,MNode0,Node14,[ ]
80,8000,-6.28336,Node14,taxaD,[ ]
80,8000,-6.28336,MNode0,Node15,[ ]
80,8000,-6.28336,Node15,taxaE,[ F7N ]
81,8100,-6.29306,,BNode0,[ ]
81,8100,-6.29306,BNode0,Node0,[ ]
81,8100,-6.29306,Node0,taxaA,[ ]
81,8100,-6.29306,BNode0,Node1,[ ]
81,8100,-6.29306,Node1,Node2,[ ]
81,8100,-6.29306,Node2,Node3,[ ]
81,8100,-6.29306,Node3,BNode1,[ ]
81,8100,-6.29306,BNode1,Node4,[ ]
81,8100,-6.29306,Node4,Node5,[ ]
81,8100,-6.29306,Node5,Node6,[ ]
81,8100,-6.29306,Node6,Node7,[ ]
81,8100,-6.29306,Node7,Node8,[ ]
81,8100,-6.29306,Node8,Node9,[ ]
81,8100,-6.29306,Node9,Node10,[ ]
81,8100,-6.29306,Node10,taxaB,[ ]
81,8100,-6.29306,BNode1,Node11,[ ]
81,8100,-6.29306,Node11,Node12,[ ]
81,8100,-6.29306,Node12,Node13,[ ]
81,8100,-6.29306,Node13,taxaC,[ ]
81,8100,-6.29306,,MNode0,[ ]
81,8100,-6.29306,MNode0,Node14,[ ]
81,8100,-6.29306,Node14,taxaD,[ ]
81,8100,-6.29306,MNode0,Node15,[ ]
81,8100,-6.29306,Node15,taxaE,[ F7N ]
82,8200,-6.33165,,BNode0,[ ]
82,8200,-6.33165,BNode0,Node0,[ ]
82,8200,-6.33165,Node0,taxaA,[ ]
82,8200,-6.33165,BNode0,Node1,[ ]
82,8200,-6.33165,Node1,Node2,[ ]
82,8200,-6.33165,Node2,Node3,[ ]
82,8200,-6.33165,Node3,BNode1,[ ]
82,8200,-6.33165,BNode1,Node4,[ ]
82,8200,-6.33165,Node4,Node5,[ ]
82,8200,-6.33165,Node5,Node6,[ ]
82,8200,-6.33165,Node6,Node7,[ ]
82,8200,-6.33165,Node7,Node8,[ ]
82,8200,-6.33165,Node8,Node9,[ ]
82,8200,-6.33165,Node9,Node10,[ ]
82,8200,-6.33165,Node10,taxaB,[ ]
82,8200,-6.33165,BNode1,Node11,[ ]
82,8200,-6.33165,Node11,Node12,[ ]
82,8200,-6.33165,Node12,Node13,[ ]
82,8200,-6.33165,Node13,taxaC,[ ]
82,8200,-6.33165,,MNode0,[ ]
82,8200,-6.33165,MNode0,Node14,[ ]
82,8200,-6.33165,Node14,taxaD,[ ]
82,8200,-6.33165,MNode0,Node15,[ ]
82,8200,-6.33165,Node15,taxaE,[ F7N ]
83,8300,-6.26367,,BNode0,[ ]
83,8300,-6.26367,BNode0,Node0,[ ]
83,8300,-6.26367,Node0,taxaA,[ ]
83,8300,-6.26367,BNode0,Node1,[ ]
83,8300,-6.26367,Node1,Node2,[ ]
83,8300,-6.26367,Node2,Node3,[ ]
83,8300,-6.26367,Node3,BNode1,[ ]
83,8300,-6.26367,BNode1,Node4,[ ]
83,8300,-6.26367,Node4,Node5,[ ]
83,8300,-6.26367,Node5,Node6,[ ]
83,8300,-6.26367,Node6,Node7,[ ]
83,8300,-6.26367,Node7,Node8,[ ]
83,8300,-6.26367,Node8,Node9,[ ]
83,8300,-6.26367,Node9,Node10,[ ]
83,8300,-6.26367,Node10,taxaB,[ ]
83,8300,-6.26367,BNode1,Node11,[ ]
83,8300,-6.26367,Node11,Node12,[ ]
83,8300,-6.26367,Node12,Node13,[ ]
83,8300,-6.26367,Node13,taxaC,[ ]
83,8300,-6.26367,,MNode0,[ ]
83,8300,-6.26367,MNode0,Node14,[ ]
83,8300,-6.26367,Node14,taxaD,[ ]
83,8300,-6.26367,MNode0,Node15,[ ]
83,8300,-6.26367,Node15,taxaE,[ F7N ]
84,8400,-6.58584,,BNode0,[ ]
84,8400,-6.58584,BNode0,Node0,[ ]
84,8400,-6.58584,Node0,taxaA,[ ]
84,8400,-6.58584,BNode0,Node1,[ ]
84,8400,-6.58584,Node1,Node2,[ ]
84,8400,-6.58584,Node2,Node3,[ ]
84,8400,-6.58584,Node3,BNode1,[ ]
84,8400,-6.58584,BNode1,Node4,[ ]
84,8400,-6.58584,Node4,Node5,[ ]
84,8400,-6.58584,Node5,Node6,[ ]
84,8400,-6.58584,Node6,Node7,[ ]
84,8400,-6.58584,Node7,Node8,[ ]
84,8400,-6.58584,Node8,Node9,[ ]
84,8400,-6.58584,Node9,Node10,[ ]
84,8400,-6.58584,Node10,taxaB,[ ]
84,8400,-6.58584,BNode1,Node11,[ ]
84,8400,-6.58584,Node11,Node12,[ ]
84,8400,-6.58584,Node12,Node13,[ ]
84,8400,-6.58584,Node13,taxaC,[ ]
84,8400,-6.58584,,MNode0,[ ]
84,8400,-6.58584,MNode0,Node14,[ ]
84,8400,-6.58584,Node14,taxaD,[ ]
84,8400,-6.58584,MNode0,Node15,[ F7N ]
84,8400,-6.58584,Node15,taxaE,[ ]
85,8500,-6.78524,,BNode0,[ ]
85,8500,-6.78524,BNode0,Node0,[ ]
85,8500,-6.78524,Node0,taxaA,[ ]
85,8500,-6.78524,BNode0,Node1,[ ]
85,8500,-6.78524,Node1,Node2,[ ]
85,8500,-6.78524,Node2,Node3,[ ]
85,8500,-6.78524,Node3,BNode1,[ ]
85,8500,-6.78524,BNode1,Node4,[ ]
85,8500,-6.78524,Node4,Node5,[ ]
85,8500,-6.78524,Node5,Node6,[ ]
85,8500,-6.78524,Node6,Node7,[ ]
85,8500,-6.78524,Node7,Node8,[ ]
85,8500,-6.78524,Node8,Node9,[ ]
85,8500,-6.78524,Node9,Node10,[ ]
85,8500,-6.78524,Node10,taxaB,[ ]
85,8500,-6.78524,BNode1,Node11,[ ]
85,8500,-6.78524,Node11,Node12,[ ]
85,8500,-6.78524,Node12,Node13,[ ]
85,8500,-6.78524,Node13,taxaC,[ ]
85,8500,-6.78524,,MNode0,[ ]
85,8500,-6.78524,MNode0,Node14,[ ]
85,8500,-6.78524,Node14,taxaD,[ ]
85,8500,-6.78524,MNode0,Node15,[ F7N ]
85,8500,-6.78524,Node15,taxaE,[ ]
86,8600,-7.11802,,BNode0,[ ]
86,8600,-7.11802,BNode0,Node0,[ ]
86,8600,-7.11802,Node0,taxaA,[ ]
86,8600,-7.11802,BNode0,Node1,[ ]
86,8600,-7.11802,Node1,Node2,[ ]
86,8600,-7.11802,Node2,Node3,[ ]
86,8600,-7.11802,Node3,BNode1,[ ]
86,8600,-7.11802,BNode1,Node4,[ ]
86,8600,-7.11802,Node4,Node5,[ ]
86,8600,-7.11802,Node5,Node6,[ ]
86,8600,-7.11802,Node6,Node7,[ ]
86,8600,-7.11802,Node7,Node8,[ ]
86,8600,-7.11802,Node8,Node9,[ ]
86,8600,-7.11802,Node9,Node10,[ ]
86,8600,-7.11802,Node10,taxaB,[ ]
86,8600,-7.11802,BNode1,Node11,[ ]
86,8600,-7.11802,Node11,Node12,[ ]
86,8600,-7.11802,Node12,Node13,[ ]
86,8600,-7.11802,Node13,taxaC,[ ]
86,8600,-7.11802,,MNode0,[ ]
86,8600,-7.11802,MNode0,Node14,[ ]
86,8600,-7.11802,Node14,taxaD,[ ]
86,8600,-7.11802,MNode0,Node15,[ F7N ]
86,8600,-7.11802,Node15,taxaE,[ ]
87,8700,-7.18353,,BNode0,[ ]
87,8700,-7.18353,BNode0,Node0,[ ]
87,8700,-7.18353,Node0,taxaA,[ ]
87,8700,-7.18353,BNode0,Node1,[ ]
87,8700,-7.18353,Node1,Node2,[ ]
87,8700,-7.18353,Node2,Node3,[ ]
87,8700,-7.18353,Node3,BNode1,[ ]
87,8700,-7.18353,BNode1,Node4,[ ]
87,8700,-7.18353,Node4,Node5,[ ]
87,8700,-7.18353,Node5,Node6,[ ]
87,8700,-7.18353,Node6,Node7,[ ]
87,8700,-7.18353,Node7,Node8,[ ]
87,8700,-7.18353,Node8,Node9,[ ]
87,8700,-7.18353,Node9,Node10,[ ]
87,8700,-7.18353,Node10,taxaB,[ ]
87,8700,-7.18353,BNode1,Node11,[ ]
87,8700,-7.18353,Node11,Node12,[ ]
87,8700,-7.18353,Node12,Node13,[ ]
87,8700,-7.18353,Node13,taxaC,[ ]
87,8700,-7.18353,,MNode0,[ ]
87,8700,-7.18353,MNode0,Node14,[ ]
87,8700,-7.18353,Node14,taxaD,[ ]
87,8700,-7.18353,MNode0,Node15,[ F7N ]
87,8700,-7.18353,Node15,taxaE,[ ]
88,8800,-6.38832,,BNode0,[ ]
88,8800,-6.38832,BNode0,Node0,[ ]
88,8800,-6.38832,Node0,taxaA,[ ]
88,8800,-6.38832,BNode0,Node1,[ ]
88,8800,-6.38832,Node1,Node2,[ ]
88,8800,-6.38832,Node2,Node3,[ ]
88,8800,-6.38832,Node3,BNode1,[ ]
88,8800,-6.38832,BNode1,Node4,[ ]
88,8800,-6.38832,Node4,Node5,[ ]
88,8800,-6.38832,Node5,Node6,[ ]
88,8800,-6.38832,Node6,Node7,[ ]
88,8800,-6.38832,Node7,Node8,[ ]
88,8800,-6.38832,Node8,Node9,[ ]
88,8800,-6.38832,Node9,Node10,[ ]
88,8800,-6.38832,Node10,taxaB,[ ]
88,8800,-6.38832,BNode1,Node11,[ ]
88,8800,-6.38832,Node11,Node12,[ ]
88,8800,-6.38832,Node12,Node13,[ ]
88,8800,-6.38832,Node13,taxaC,[ ]
88,8800,-6.38832,,MNode0,[ ]
88,8800,-6.38832,MNode0,Node14,[ ]
88,8800,-6.38832,Node14,taxaD,[ ]
88,8800,-6.38832,MNode0,Node15,[ F7N ]
88,8800,-6.38832,Node15,taxaE,[ ]
89,8900,-6.6062,,BNode0,[ ]
89,8900,-6.6062,BNode0,Node0,[ ]
89,8900,-6.6062,Node0,taxaA,[ ]
89,8900,-6.6062,BNode0,Node1,[ ]
89,8900,-6.6062,Node1,Node2,[ ]
89,8900,-6.6062,Node2,Node3,[ ]
89,8900,-6.6062,Node3,BNode1,[ ]
89,8900,-6.6062,BNode1,Node4,[ ]
89,8900,-6.6062,Node4,Node5,[ ]
89,8900,-6.6062,Node5,Node6,[ ]
89,8900,-6.6062,Node6,Node7,[ ]
89,8900,-6.6062,Node7,Node8,[ ]
89,8900,-6.6062,Node8,Node9,[ ]
89,8900,-6.6062,Node9,Node10,[ ]
89,8900,-6.6062,Node10,taxaB,[ ]
89,8900,-6.6062,BNode1,Node11,[ ]
89,8900,-6.6062,Node11,Node12,[ ]
89,8900,-6.6062,Node12,Node13,[ ]
89,8900,-6.6062,Node13,taxaC,[ ]
89,8900,-6.6062,,MNode0,[ ]
89,8900,-6.6062,MNode0,Node14,[ ]
89,8900,-6.6062,Node14,taxaD,[ ]
89,8900,-6.6062,MNode0,Node15,[ ]
89,8900,-6.6062,Node15,taxaE,[ F7N ]
90,9000,-6.49302,,BNode0,[ ]
90,9000,-6.49302,BNode0,Node0,[ ]
90,9000,-6.49302,Node0,taxaA,[ ]
90,9000,-6.49302,BNode0,Node1,[ ]
90,9000,-6.49302,Node1,Node2,[ ]
90,9000,-6.49302,Node2,Node3,[ ]
90,9000,-6.49302,Node3,BNode1,[ ]
90,9000,-6.49302,BNode1,Node4,[ ]
90,9000,-6.49302,Node4,Node5,[ ]
90,9000,-6.49302,Node5,Node6,[ ]
90,9000,-6.49302,Node6,Node7,[ ]
90,9000,-6.49302,Node7,Node8,[ ]
90,9000,-6.49302,Node8,Node9,[ ]
90,9000,-6.49302,Node9,Node10,[ ]
90,9000,-6.49302,Node10,taxaB,[ ]
90,9000,-6.49302,BNode1,Node11,[ ]
90,9000,-6.49302,Node11,Node12,[ ]
90,9000,-6.49302,Node12,Node13,[ ]
90,9000,-6.49302,Node13,taxaC,[ ]
90,9000,-6.49302,,MNode0,[ ]
90,9000,-6.49302,MNode0,Node14,[ ]
90,9000,-6.49302,Node14,taxaD,[ ]
90,9000,-6.49302,MNode0,Node15,[ ]
90,9000,-6.49302,Node15,taxaE,[ F7N ]
91,9100,-6.54264,,BNode0,[ ]
91,9100,-6.54264,BNode0,Node0,[ ]
91,9100,-6.54264,Node0,taxaA,[ ]
91,9100,-6.54264,BNode0,Node1,[ ]
91,9100,-6.54264,Node1,Node2,[ ]
91,9100,-6.54264,Node2,Node3,[ ]
91,9100,-6.54264,Node3,BNode1,[ ]
91,9100,-6.54264,BNode1,Node4,[ ]
91,9100,-6.54264,Node4,Node5,[ ]
91,9100,-6.54264,Node5,Node6,[ ]
91,9100,-6.54264,Node6,Node7,[ ]
91,9100,-6.54264,Node7,Node8,[ ]
91,9100,-6.54264,Node8,Node9,[ ]
91,9100,-6.54264,Node9,Node10,[ ]
91,9100,-6.54264,Node10,taxaB,[ ]
91,9100,-6.54264,BNode1,Node11,[ ]
91,9100,-6.54264,Node11,Node12,[ ]
91,9100,-6.54264,Node12,Node13,[ ]
91,9100,-6.54264,Node13,taxaC,[ ]
91,9100,-6.54264,,MNode0,[ ]
91,9100,-6.54264,MNode0,Node14,[ ]
91,9100,-6.54264,Node14,taxaD,[ ]
91,9100,-6.54264,MNode0,Node15,[ ]
91,9100,-6.54264,Node15,taxaE,[ F7N ]
92,9200,-6.65624,,BNode0,[ ]
92,9200,-6.65624,BNode0,Node0,[ ]
92,9200,-6.65624,Node0,taxaA,[ ]
92,9200,-6.65624,BNode0,Node1,[ ]
92,9200,-6.65624,Node1,Node2,[ ]
92,9200,-6.65624,Node2,Node3,[ ]
92,9200,-6.65624,Node3,BNode1,[ ]
92,9200,-6.65624,BNode1,Node4,[ ]
92,9200,-6.65624,Node4,Node5,[ ]
92,9200,-6.65624,Node5,Node6,[ ]
92,9200,-6.65624,Node6,Node7,[ ]
92,9200,-6.65624,Node7,Node8,[ ]
92,9200,-6.65624,Node8,Node9,[ ]
92,9200,-6.65624,Node9,Node10,[ ]
92,9200,-6.65624,Node10,taxaB,[ ]
92,9200,-6.65624,BNode1,Node11,[ ]
92,9200,-6.65624,Node11,Node12,[ ]
92,9200,-6.65624,Node12,Node13,[ ]
92,9200,-6.65624,Node13,taxaC,[ ]
92,9200,-6.65624,,MNode0,[ ]
92,9200,-6.65624,MNode0,Node14,[ ]
92,9200,-6.65624,Node14,taxaD,[ ]
92,9200,-6.65624,MNode0,Node15,[ ]
92,9200,-6.65624,Node15,taxaE,[ F7N ]
93,9300,-7.48364,,BNode0,[ ]
93,9300,-7.48364,BNode0,Node0,[ ]
93,9300,-7.48364,Node0,taxaA,[ ]
93,9300,-7.48364,BNode0,Node1,[ ]
93,9300,-7.48364,Node1,Node2,[ ]
93,9300,-7.48364,Node2,Node3,[ ]
93,9300,-7.48364,Node3,BNode1,[ ]
93,9300,-7.48364,BNode1,Node4,[ ]
93,9300,-7.48364,Node4,Node5,[ ]
93,9300,-7.48364,Node5,Node6,[ ]
93,9300,-7.48364,Node6,Node7,[ ]
93,9300,-7.48364,Node7,Node8,[ ]
93,9300,-7.48364,Node8,Node9,[ ]
93,9300,-7.48364,Node9,Node10,[ ]
93,9300,-7.48364,Node10,taxaB,[ ]
93,9300,-7.48364,BNode1,Node11,[ ]
93,9300,-7.48364,Node11,Node12,[ ]
93,9300,-7.48364,Node12,Node13,[ ]
93,9300,-7.48364,Node13,taxaC,[ ]
93,9300,-7.48364,,MNode0,[ ]
93,9300,-7.48364,MNode0,Node14,[ ]
93,9300,-7.48364,Node14,taxaD,[ ]
93,9300,-7.48364,MNode0,Node15,[ ]
93,9300,-7.48364,Node15,taxaE,[ F7N ]
94,9400,-12.7339,,BNode0,[ ]
94,9400,-12.7339,BNode0,Node0,[ ]
94,9400,-12.7339,Node0,taxaA,[ ]
94,9400,-12.7339,BNode0,Node1,[ ]
94,9400,-12.7339,Node1,Node2,[ ]
94,9400,-12.7339,Node2,Node3,[ ]
94,9400,-12.7339,Node3,BNode1,[ ]
94,9400,-12.7339,BNode1,Node4,[ ]
94,9400,-12.7339,Node4,Node5,[ ]
94,9400,-12.7339,Node5,Node6,[ ]
94,9400,-12.7339,Node6,Node7,[ ]
94,9400,-12.7339,Node7,Node8,[ F6F ]
94,9400,-12.7339,Node8,Node9,[ ]
94,9400,-12.7339,Node9,Node10,[ ]
94,9400,-12.7339,Node10,taxaB,[ ]
94,9400,-12.7339,BNode1,Node11,[ ]
94,9400,-12.7339,Node11,Node12,[ ]
94,9400,-12.7339,Node12,Node13,[ ]
94,9400,-12.7339,Node13,taxaC,[ ]
94,9400,-12.7339,,MNode0,[ ]
94,9400,-12.7339,MNode0,Node14,[ ]
94,9400,-12.7339,Node14,taxaD,[ ]
94,9400,-12.7339,MNode0,Node15,[ ]
94,9400,-12.7339,Node15,taxaE,[ F7N ]
95,9500,-12.7561,,BNode0,[ ]
95,9500,-12.7561,BNode0,Node0,[ ]
95,9500,-12.7561,Node0,taxaA,[ ]
95,9500,-12.7561,BNode0,Node1,[ ]
95,9500,-12.7561,Node1,Node2,[ ]
95,9500,-12.7561,Node2,Node3,[ ]
95,9500,-12.7561,Node3,BNode1,[ ]
95,9500,-12.7561,BNode1,Node4,[ ]
95,9500,-12.7561,Node4,Node5,[ ]
95,9500,-12.7561,Node5,Node6,[ ]
95,9500,-12.7561,Node6,Node7,[ ]
95,9500,-12.7561,Node7,Node8,[ F6F ]
95,9500,-12.7561,Node8,Node9,[ ]
95,9500,-12.7561,Node9,Node10,[ ]
95,9500,-12.7561,Node10,taxaB,[ ]
95,9500,-12.7561,BNode1,Node11,[ ]
95,9500,-12.7561,Node11,Node12,[ ]
95,9500,-12.7561,Node12,Node13,[ ]
95,9500,-12.7561,Node13,taxaC,[ ]
95,9500,-12.7561,,MNode0,[ ]
95,9500,-12.7561,MNode0,Node14,[ ]
95,9500,-12.7561,Node14,taxaD,[ ]
95,9500,-12.7561,MNode0,Node15,[ ]
95,9500,-12.7561,Node15,taxaE,[ F7N ]
96,9600,-12.758,,BNode0,[ ]
96,9600,-12.758,BNode0,Node0,[ ]
96,9600,-12.758,Node0,taxaA,[ ]
96,9600,-12.758,BNode0,Node1,[ ]
96,9600,-12.758,Node1,Node2,[ ]
96,9600,-12.758,Node2,Node3,[ ]
96,9600,-12.758,Node3,BNode1,[ ]
96,9600,-12.758,BNode1,Node4,[ ]
96,9600,-12.758,Node4,Node5,[ ]
96,9600,-12.758,Node5,Node6,[ ]
96,9600,-12.758,Node6,Node7,[ ]
96,9600,-12.758,Node7,Node8,[ F6F ]
96,9600,-12.758,Node8,Node9,[ ]
96,9600,-12.758,Node9,Node10,[ ]
96,9600,-12.758,Node10,taxaB,[ ]
96,9600,-12.758,BNode1,Node11,[ ]
96,9600,-12.758,Node11,Node12,[ ]
96,9600,-12.758,Node12,Node13,[ ]
96,9600,-12.758,Node13,taxaC,[ ]
96,9600,-12.758,,MNode0,[ ]
96,9600,-12.758,MNode0,Node14,[ ]
96,9600,-12.758,Node14,taxaD,[ ]
96,9600,-12.758,MNode0,Node15,[ ]
96,9600,-12.758,Node15,taxaE,[ F7N ]
97,9700,-13.942,,BNode0,[ ]
97,9700,-13.942,BNode0,Node0,[ ]
97,9700,-13.942,Node0,taxaA,[ ]
97,9700,-13.942,BNode0,Node1,[ ]
97,9700,-13.942,Node1,Node2,[ ]
97,9700,-13.942,Node2,Node3,[ ]
97,9700,-13.942,Node3,BNode1,[ ]
97,9700,-13.942,BNode1,Node4,[ ]
97,9700,-13.942,Node4,Node5,[ ]
97,9700,-13.942,Node5,Node6,[ ]
97,9700,-13.942,Node6,Node7,[ ]
97,9700,-13.942,Node7,Node8,[ F6F ]
97,9700,-13.942,Node8,Node9,[ ]
97,9700,-13.942,Node9,Node10,[ ]
97,9700,-13.942,Node10,taxaB,[ ]
97,9700,-13.942,BNode1,Node11,[ ]
97,9700,-13.942,Node11,Node12,[ ]
97,9700,-13.942,Node12,Node13,[ ]
97,9700,-13.942,Node13,taxaC,[ ]
97,9700,-13.942,,MNode0,[ ]
97,9700,-13.942,MNode0,Node14,[ ]
97,9700,-13.942,Node14,taxaD,[ ]
97,9700,-13.942,MNode0,Node15,[ ]
97,9700,-13.942,Node15,taxaE,[ F7N ]
98,9800,-12.9038,,BNode0,[ ]
98,9800,-12.9038,BNode0,Node0,[ ]
98,9800,-12.9038,Node0,taxaA,[ ]
98,9800,-12.9038,BNode0,Node1,[ ]
98,9800,-12.9038,Node1,Node2,[ ]
98,9800,-12.9038,Node2,Node3,[ ]
98,9800,-12.9038,Node3,BNode1,[ ]
98,9800,-12.9038,BNode1,Node4,[ ]
98,9800,-12.9038,Node4,Node5,[ ]
98,9800,-12.9038,Node5,Node6,[ ]
98,9800,-12.9038,Node6,Node7,[ ]
98,9800,-12.9038,Node7,Node8,[ F6F ]
98,9800,-12.9038,Node8,Node9,[ ]
98,9800,-12.9038,Node9,Node10,[ ]
98,9800,-12.9038,Node10,taxaB,[ ]
98,9800,-12.9038,BNode1,Node11,[ ]
98,9800,-12.9038,Node11,Node12,[ ]
98,9800,-12.9038,Node12,Node13,[ ]
98,9800,-12.9038,Node13,taxaC,[ ]
98,9800,-12.9038,,MNode0,[ ]
98,9800,-12.9038,MNode0,Node14,[ ]
98,9800,-12.9038,Node14,taxaD,[ ]
98,9800,-12.9038,MNode0,Node15,[ ]
98,9800,-12.9038,Node15,taxaE,[ F7N ]
99,9900,-7.20385,,BNode0,[ ]
99,9900,-7.20385,BNode0,Node0,[ ]
99,9900,-7.20385,Node0,taxaA,[ ]
99,9900,-7.20385,BNode0,Node1,[ ]
99,9900,-7.20385,Node1,Node2,[ ]
99,9900,-7.20385,Node2,Node3,[ ]
99,9900,-7.20385,Node3,BNode1,[ ]
99,9900,-7.20385,BNode1,Node4,[ ]
99,9900,-7.20385,Node4,Node5,[ ]
99,9900,-7.20385,Node5,Node6,[ ]
99,9900,-7.20385,Node6,Node7,[ ]
99,9900,-7.20385,Node7,Node8,[ ]
99,9900,-7.20385,Node8,Node9,[ ]
99,9900,-7.20385,Node9,Node10,[ ]
99,9900,-7.20385,Node10,taxaB,[ ]
99,9900,-7.20385,BNode1,Node11,[ ]
99,9900,-7.20385,Node11,Node12,[ ]
99,9900,-7.20385,Node12,Node13,[ ]
99,9900,-7.20385,Node13,taxaC,[ ]
99,9900,-7.20385,,MNode0,[ ]
99,9900,-7.20385,MNode0,Node14,[ ]
99,9900,-7.20385,Node14,taxaD,[ ]
99,9900,-7.20385,MNode0,Node15,[ ]
99,9900,-7.20385,Node15,taxaE,[ F7N ]
100,10000,-6.84445,,BNode0,[ ]
100,10000,-6.84445,BNode0,Node0,[ ]
100,10000,-6.84445,Node0,taxaA,[ ]
100,10000,-6.84445,BNode0,Node1,[ ]
100,10000,-6.84445,Node1,Node2,[ ]
100,10000,-6.84445,Node2,Node3,[ ]
100,10000,-6.84445,Node3,BNode1,[ ]
100,10000,-6.84445,BNode1,Node4,[ ]
100,10000,-6.84445,Node4,Node5,[ ]
100,10000,-6.84445,Node5,Node6,[ ]
100,10000,-6.84445,Node6,Node7,[ ]
100,10000,-6.84445,Node7,Node8,[ ]
100,10000,-6.84445,Node8,Node9,[ ]
100,10000,-6.84445,Node9,Node10,[ ]
100,10000,-6.84445,Node10,taxaB,[ ]
100,10000,-6.84445,BNode1,Node11,[ ]
100,10000,-6.84445,Node11,Node12,[ ]
100,10000,-6.84445,Node12,Node13,[ ]
100,10000,-6.84445,Node13,taxaC,[ ]
100,10000,-6.84445,,MNode0,[ ]
100,10000,-6.84445,MNode0,Node14,[ ]
100,10000,-6.84445,Node14,taxaD,[ ]
100,10000,-6.84445,MNode0,Node15,[ ]
100,10000,-6.84445,Node15,taxaE,[ F7N ]
