I,GEN,LogL,Ancestral,Decendant,Substitutions
0,0,-1670.36,BNode0,BNode1,[ O1D D8O O11D D12O D16O O19D ]
0,0,-1670.36,BNode1,BNode2,[ D6O ]
0,0,-1670.36,BNode2,Node0,[ O2D O3D D4O O7D D13O O16D ]
0,0,-1670.36,Node0,taxaB,[ ]
0,0,-1670.36,BNode2,Node1,[ D1O O8D D9O D11O D14O D19O ]
0,0,-1670.36,Node1,BNode3,[ ]
0,0,-1670.36,BNode3,Node2,[ D4O D8O D13O D15O ]
0,0,-1670.36,Node2,taxaA,[ ]
0,0,-1670.36,BNode3,taxaC,[ O2D O6D O10D O11D O17D ]
0,0,-1670.36,BNode1,taxaE,[ D4O D11O D13O D14O D15O O17D O18D D19O ]
0,0,-1670.36,BNode0,Node3,[ O2D D9O O10D D13O D15O O18D ]
0,0,-1670.36,Node3,Node4,[ ]
0,0,-1670.36,Node4,Node5,[ ]
0,0,-1670.36,Node5,taxaD,[ ]
1,50,-1486.81,BNode0,BNode1,[ ]
1,50,-1486.81,BNode1,BNode2,[ ]
1,50,-1486.81,BNode2,Node0,[ ]
1,50,-1486.81,Node0,taxaB,[ O3D D6O O7D O9D D10O O11D O14D O15D O16D D17O D18O O19D ]
1,50,-1486.81,BNode2,Node1,[ ]
1,50,-1486.81,Node1,BNode3,[ O11D ]
1,50,-1486.81,BNode3,Node2,[ ]
1,50,-1486.81,Node2,taxaA,[ ]
1,50,-1486.81,BNode3,taxaC,[ D1O O4D O8D O13D O15D D18O ]
1,50,-1486.81,BNode1,taxaE,[ D2O O9D D10O ]
1,50,-1486.81,BNode0,Node3,[ ]
1,50,-1486.81,Node3,Node4,[ ]
1,50,-1486.81,Node4,Node5,[ ]
1,50,-1486.81,Node5,taxaD,[ D1O O4D O8D O12D O14D O16D D17O ]
2,100,-1454.02,BNode0,BNode1,[ ]
2,100,-1454.02,BNode1,BNode2,[ ]
2,100,-1454.02,BNode2,Node0,[ ]
2,100,-1454.02,Node0,taxaB,[ O3D D6O O7D O9D D10O O11D O14D O15D O16D D17O D18O O19D ]
2,100,-1454.02,BNode2,Node1,[ ]
2,100,-1454.02,Node1,BNode3,[ O11D ]
2,100,-1454.02,BNode3,Node2,[ ]
2,100,-1454.02,Node2,taxaA,[ ]
2,100,-1454.02,BNode3,taxaC,[ D1O O4D O8D O13D O15D D18O ]
2,100,-1454.02,BNode1,taxaE,[ D2O O9D D10O ]
2,100,-1454.02,BNode0,Node3,[ ]
2,100,-1454.02,Node3,Node4,[ ]
2,100,-1454.02,Node4,Node5,[ ]
2,100,-1454.02,Node5,taxaD,[ D1O O4D O8D O12D O14D O16D D17O ]
3,150,-1442.34,BNode0,BNode1,[ ]
3,150,-1442.34,BNode1,BNode2,[ ]
3,150,-1442.34,BNode2,Node0,[ ]
3,150,-1442.34,Node0,taxaB,[ O3D D6O O7D O9D D10O O11D O14D O15D O16D D17O D18O O19D ]
3,150,-1442.34,BNode2,Node1,[ ]
3,150,-1442.34,Node1,BNode3,[ O11D ]
3,150,-1442.34,BNode3,Node2,[ ]
3,150,-1442.34,Node2,taxaA,[ ]
3,150,-1442.34,BNode3,taxaC,[ D1O O4D O8D O13D O15D D18O ]
3,150,-1442.34,BNode1,taxaE,[ D2O O9D D10O ]
3,150,-1442.34,BNode0,Node3,[ ]
3,150,-1442.34,Node3,Node4,[ ]
3,150,-1442.34,Node4,Node5,[ ]
3,150,-1442.34,Node5,taxaD,[ D1O O4D O8D O12D O14D O16D D17O ]
4,200,-1429,BNode0,BNode1,[ ]
4,200,-1429,BNode1,BNode2,[ ]
4,200,-1429,BNode2,Node0,[ ]
4,200,-1429,Node0,taxaB,[ O3D D6O O7D O9D D10O O11D O14D O15D O16D D17O D18O O19D ]
4,200,-1429,BNode2,Node1,[ ]
4,200,-1429,Node1,BNode3,[ O11D ]
4,200,-1429,BNode3,Node2,[ ]
4,200,-1429,Node2,taxaA,[ ]
4,200,-1429,BNode3,taxaC,[ D1O O4D O8D O13D O15D D18O ]
4,200,-1429,BNode1,taxaE,[ D2O O9D D10O ]
4,200,-1429,BNode0,Node3,[ ]
4,200,-1429,Node3,Node4,[ ]
4,200,-1429,Node4,Node5,[ ]
4,200,-1429,Node5,taxaD,[ D1O O4D O8D O12D O14D O16D D17O ]
5,250,-1448.1,BNode0,BNode1,[ ]
5,250,-1448.1,BNode1,BNode2,[ ]
5,250,-1448.1,BNode2,Node0,[ ]
5,250,-1448.1,Node0,taxaB,[ O3D D6O O7D O9D D10O O11D O14D O15D O16D D17O D18O O19D ]
5,250,-1448.1,BNode2,Node1,[ ]
5,250,-1448.1,Node1,BNode3,[ O11D ]
5,250,-1448.1,BNode3,Node2,[ ]
5,250,-1448.1,Node2,taxaA,[ ]
5,250,-1448.1,BNode3,taxaC,[ D1O O4D O8D O13D O15D D18O ]
5,250,-1448.1,BNode1,taxaE,[ D2O O9D D10O ]
5,250,-1448.1,BNode0,Node3,[ ]
5,250,-1448.1,Node3,Node4,[ ]
5,250,-1448.1,Node4,Node5,[ ]
5,250,-1448.1,Node5,taxaD,[ D1O O4D O8D O12D O14D O16D D17O ]
6,300,-1441.22,BNode0,BNode1,[ ]
6,300,-1441.22,BNode1,BNode2,[ ]
6,300,-1441.22,BNode2,Node0,[ ]
6,300,-1441.22,Node0,taxaB,[ O3D D6O O7D O9D D10O O11D O14D O15D O16D D17O D18O O19D ]
6,300,-1441.22,BNode2,Node1,[ ]
6,300,-1441.22,Node1,BNode3,[ O11D ]
6,300,-1441.22,BNode3,Node2,[ ]
6,300,-1441.22,Node2,taxaA,[ ]
6,300,-1441.22,BNode3,taxaC,[ D1O O4D O8D O13D O15D D18O ]
6,300,-1441.22,BNode1,taxaE,[ D2O O9D D10O ]
6,300,-1441.22,BNode0,Node3,[ ]
6,300,-1441.22,Node3,Node4,[ ]
6,300,-1441.22,Node4,Node5,[ ]
6,300,-1441.22,Node5,taxaD,[ D1O O4D O8D O12D O14D O16D D17O ]
7,350,-1424.62,BNode0,BNode1,[ ]
7,350,-1424.62,BNode1,BNode2,[ ]
7,350,-1424.62,BNode2,Node0,[ ]
7,350,-1424.62,Node0,taxaB,[ O3D D6O O7D O9D D10O O11D O14D O15D O16D D17O D18O O19D ]
7,350,-1424.62,BNode2,Node1,[ ]
7,350,-1424.62,Node1,BNode3,[ O11D ]
7,350,-1424.62,BNode3,Node2,[ ]
7,350,-1424.62,Node2,taxaA,[ ]
7,350,-1424.62,BNode3,taxaC,[ D1O O4D O8D O13D O15D D18O ]
7,350,-1424.62,BNode1,taxaE,[ D2O O9D D10O ]
7,350,-1424.62,BNode0,Node3,[ ]
7,350,-1424.62,Node3,Node4,[ ]
7,350,-1424.62,Node4,Node5,[ ]
7,350,-1424.62,Node5,taxaD,[ D1O O4D O8D O12D O14D O16D D17O ]
8,400,-1418.46,BNode0,BNode1,[ ]
8,400,-1418.46,BNode1,BNode2,[ ]
8,400,-1418.46,BNode2,Node0,[ ]
8,400,-1418.46,Node0,taxaB,[ O3D D6O O7D O9D D10O O11D O14D O15D O16D D17O D18O O19D ]
8,400,-1418.46,BNode2,Node1,[ ]
8,400,-1418.46,Node1,BNode3,[ O11D ]
8,400,-1418.46,BNode3,Node2,[ ]
8,400,-1418.46,Node2,taxaA,[ ]
8,400,-1418.46,BNode3,taxaC,[ D1O O4D O8D O13D O15D D18O ]
8,400,-1418.46,BNode1,taxaE,[ D2O O9D D10O ]
8,400,-1418.46,BNode0,Node3,[ ]
8,400,-1418.46,Node3,Node4,[ ]
8,400,-1418.46,Node4,Node5,[ ]
8,400,-1418.46,Node5,taxaD,[ D1O O4D O8D O12D O14D O16D D17O ]
9,450,-1419.74,BNode0,BNode1,[ ]
9,450,-1419.74,BNode1,BNode2,[ ]
9,450,-1419.74,BNode2,Node0,[ ]
9,450,-1419.74,Node0,taxaB,[ O3D D6O O7D O9D D10O O11D O14D O15D O16D D17O D18O O19D ]
9,450,-1419.74,BNode2,Node1,[ ]
9,450,-1419.74,Node1,BNode3,[ O11D ]
9,450,-1419.74,BNode3,Node2,[ ]
9,450,-1419.74,Node2,taxaA,[ ]
9,450,-1419.74,BNode3,taxaC,[ D1O O4D O8D O13D O15D D18O ]
9,450,-1419.74,BNode1,taxaE,[ D2O O9D D10O ]
9,450,-1419.74,BNode0,Node3,[ ]
9,450,-1419.74,Node3,Node4,[ ]
9,450,-1419.74,Node4,Node5,[ ]
9,450,-1419.74,Node5,taxaD,[ D1O O4D O8D O12D O14D O16D D17O ]
10,500,-1411.77,BNode0,BNode1,[ ]
10,500,-1411.77,BNode1,BNode2,[ ]
10,500,-1411.77,BNode2,Node0,[ ]
10,500,-1411.77,Node0,taxaB,[ O3D D6O O7D O9D D10O O11D O14D O15D O16D D17O D18O O19D ]
10,500,-1411.77,BNode2,Node1,[ ]
10,500,-1411.77,Node1,BNode3,[ O11D ]
10,500,-1411.77,BNode3,Node2,[ ]
10,500,-1411.77,Node2,taxaA,[ ]
10,500,-1411.77,BNode3,taxaC,[ D1O O4D O8D O13D O15D D18O ]
10,500,-1411.77,BNode1,taxaE,[ D2O O9D D10O ]
10,500,-1411.77,BNode0,Node3,[ ]
10,500,-1411.77,Node3,Node4,[ ]
10,500,-1411.77,Node4,Node5,[ ]
10,500,-1411.77,Node5,taxaD,[ D1O O4D O8D O12D O14D O16D D17O ]
11,550,-1378.64,BNode0,BNode1,[ D12O ]
11,550,-1378.64,BNode1,BNode2,[ ]
11,550,-1378.64,BNode2,Node0,[ O19D ]
11,550,-1378.64,Node0,taxaB,[ O1D O2D O3D D4O O7D D8O ]
11,550,-1378.64,BNode2,Node1,[ ]
11,550,-1378.64,Node1,BNode3,[ ]
11,550,-1378.64,BNode3,Node2,[ ]
11,550,-1378.64,Node2,taxaA,[ ]
11,550,-1378.64,BNode3,taxaC,[ O2D O6D D9O O10D O13D D14O D16O O17D ]
11,550,-1378.64,BNode1,taxaE,[ O1D D4O O6D D8O D11O D14O D15O D16O O17D O18D ]
11,550,-1378.64,BNode0,Node3,[ ]
11,550,-1378.64,Node3,Node4,[ ]
11,550,-1378.64,Node4,Node5,[ ]
11,550,-1378.64,Node5,taxaD,[ O2D O6D D9O O10D D11O D15O O18D ]
12,600,-1375.32,BNode0,BNode1,[ D12O ]
12,600,-1375.32,BNode1,BNode2,[ ]
12,600,-1375.32,BNode2,Node0,[ O19D ]
12,600,-1375.32,Node0,taxaB,[ O1D O2D O3D D4O O7D D8O ]
12,600,-1375.32,BNode2,Node1,[ ]
12,600,-1375.32,Node1,BNode3,[ ]
12,600,-1375.32,BNode3,Node2,[ ]
12,600,-1375.32,Node2,taxaA,[ ]
12,600,-1375.32,BNode3,taxaC,[ O2D O6D D9O O10D O13D D14O D16O O17D ]
12,600,-1375.32,BNode1,taxaE,[ O1D D4O O6D D8O D11O D14O D15O D16O O17D O18D ]
12,600,-1375.32,BNode0,Node3,[ ]
12,600,-1375.32,Node3,Node4,[ ]
12,600,-1375.32,Node4,Node5,[ ]
12,600,-1375.32,Node5,taxaD,[ O2D O6D D9O O10D D11O D15O O18D ]
13,650,-1373.46,BNode0,BNode1,[ D12O ]
13,650,-1373.46,BNode1,BNode2,[ ]
13,650,-1373.46,BNode2,Node0,[ O19D ]
13,650,-1373.46,Node0,taxaB,[ O1D O2D O3D D4O O7D D8O ]
13,650,-1373.46,BNode2,Node1,[ ]
13,650,-1373.46,Node1,BNode3,[ ]
13,650,-1373.46,BNode3,Node2,[ ]
13,650,-1373.46,Node2,taxaA,[ ]
13,650,-1373.46,BNode3,taxaC,[ O2D O6D D9O O10D O13D D14O D16O O17D ]
13,650,-1373.46,BNode1,taxaE,[ O1D D4O O6D D8O D11O D14O D15O D16O O17D O18D ]
13,650,-1373.46,BNode0,Node3,[ ]
13,650,-1373.46,Node3,Node4,[ ]
13,650,-1373.46,Node4,Node5,[ ]
13,650,-1373.46,Node5,taxaD,[ O2D O6D D9O O10D D11O D15O O18D ]
14,700,-1371.98,BNode0,BNode1,[ D12O ]
14,700,-1371.98,BNode1,BNode2,[ ]
14,700,-1371.98,BNode2,Node0,[ O19D ]
14,700,-1371.98,Node0,taxaB,[ O1D O2D O3D D4O O7D D8O ]
14,700,-1371.98,BNode2,Node1,[ ]
14,700,-1371.98,Node1,BNode3,[ ]
14,700,-1371.98,BNode3,Node2,[ ]
14,700,-1371.98,Node2,taxaA,[ ]
14,700,-1371.98,BNode3,taxaC,[ O2D O6D D9O O10D O13D D14O D16O O17D ]
14,700,-1371.98,BNode1,taxaE,[ O1D D4O O6D D8O D11O D14O D15O D16O O17D O18D ]
14,700,-1371.98,BNode0,Node3,[ ]
14,700,-1371.98,Node3,Node4,[ ]
14,700,-1371.98,Node4,Node5,[ ]
14,700,-1371.98,Node5,taxaD,[ O2D O6D D9O O10D D11O D15O O18D ]
15,750,-1365.98,BNode0,BNode1,[ D12O ]
15,750,-1365.98,BNode1,BNode2,[ ]
15,750,-1365.98,BNode2,Node0,[ O19D ]
15,750,-1365.98,Node0,taxaB,[ O1D O2D O3D D4O O7D D8O ]
15,750,-1365.98,BNode2,Node1,[ ]
15,750,-1365.98,Node1,BNode3,[ ]
15,750,-1365.98,BNode3,Node2,[ ]
15,750,-1365.98,Node2,taxaA,[ ]
15,750,-1365.98,BNode3,taxaC,[ O2D O6D D9O O10D O13D D14O D16O O17D ]
15,750,-1365.98,BNode1,taxaE,[ O1D D4O O6D D8O D11O D14O D15O D16O O17D O18D ]
15,750,-1365.98,BNode0,Node3,[ ]
15,750,-1365.98,Node3,Node4,[ ]
15,750,-1365.98,Node4,Node5,[ ]
15,750,-1365.98,Node5,taxaD,[ O2D O6D D9O O10D D11O D15O O18D ]
16,800,-1433.63,BNode0,BNode1,[ D12O ]
16,800,-1433.63,BNode1,BNode2,[ ]
16,800,-1433.63,BNode2,Node0,[ O19D ]
16,800,-1433.63,Node0,taxaB,[ O1D O2D O3D D4O O7D D8O ]
16,800,-1433.63,BNode2,Node1,[ ]
16,800,-1433.63,Node1,BNode3,[ ]
16,800,-1433.63,BNode3,Node2,[ ]
16,800,-1433.63,Node2,taxaA,[ ]
16,800,-1433.63,BNode3,taxaC,[ O2D O6D D9O O10D O13D D14O D16O O17D ]
16,800,-1433.63,BNode1,taxaE,[ O1D D4O O6D D8O D11O D14O D15O D16O O17D O18D ]
16,800,-1433.63,BNode0,Node3,[ ]
16,800,-1433.63,Node3,Node4,[ ]
16,800,-1433.63,Node4,Node5,[ ]
16,800,-1433.63,Node5,taxaD,[ O2D O6D D9O O10D D11O D15O O18D ]
17,850,-1428.41,BNode0,BNode1,[ D12O ]
17,850,-1428.41,BNode1,BNode2,[ ]
17,850,-1428.41,BNode2,Node0,[ O19D ]
17,850,-1428.41,Node0,taxaB,[ O1D O2D O3D D4O O7D D8O ]
17,850,-1428.41,BNode2,Node1,[ ]
17,850,-1428.41,Node1,BNode3,[ ]
17,850,-1428.41,BNode3,Node2,[ ]
17,850,-1428.41,Node2,taxaA,[ ]
17,850,-1428.41,BNode3,taxaC,[ O2D O6D D9O O10D O13D D14O D16O O17D ]
17,850,-1428.41,BNode1,taxaE,[ O1D D4O O6D D8O D11O D14O D15O D16O O17D O18D ]
17,850,-1428.41,BNode0,Node3,[ ]
17,850,-1428.41,Node3,Node4,[ ]
17,850,-1428.41,Node4,Node5,[ ]
17,850,-1428.41,Node5,taxaD,[ O2D O6D D9O O10D D11O D15O O18D ]
18,900,-1427.74,BNode0,BNode1,[ D12O ]
18,900,-1427.74,BNode1,BNode2,[ ]
18,900,-1427.74,BNode2,Node0,[ O19D ]
18,900,-1427.74,Node0,taxaB,[ O1D O2D O3D D4O O7D D8O ]
18,900,-1427.74,BNode2,Node1,[ ]
18,900,-1427.74,Node1,BNode3,[ ]
18,900,-1427.74,BNode3,Node2,[ ]
18,900,-1427.74,Node2,taxaA,[ ]
18,900,-1427.74,BNode3,taxaC,[ O2D O6D D9O O10D O13D D14O D16O O17D ]
18,900,-1427.74,BNode1,taxaE,[ O1D D4O O6D D8O D11O D14O D15O D16O O17D O18D ]
18,900,-1427.74,BNode0,Node3,[ ]
18,900,-1427.74,Node3,Node4,[ ]
18,900,-1427.74,Node4,Node5,[ ]
18,900,-1427.74,Node5,taxaD,[ O2D O6D D9O O10D D11O D15O O18D ]
19,950,-1427.85,BNode0,BNode1,[ D12O ]
19,950,-1427.85,BNode1,BNode2,[ ]
19,950,-1427.85,BNode2,Node0,[ O19D ]
19,950,-1427.85,Node0,taxaB,[ O1D O2D O3D D4O O7D D8O ]
19,950,-1427.85,BNode2,Node1,[ ]
19,950,-1427.85,Node1,BNode3,[ ]
19,950,-1427.85,BNode3,Node2,[ ]
19,950,-1427.85,Node2,taxaA,[ ]
19,950,-1427.85,BNode3,taxaC,[ O2D O6D D9O O10D O13D D14O D16O O17D ]
19,950,-1427.85,BNode1,taxaE,[ O1D D4O O6D D8O D11O D14O D15O D16O O17D O18D ]
19,950,-1427.85,BNode0,Node3,[ ]
19,950,-1427.85,Node3,Node4,[ ]
19,950,-1427.85,Node4,Node5,[ ]
19,950,-1427.85,Node5,taxaD,[ O2D O6D D9O O10D D11O D15O O18D ]
20,1000,-1427.22,BNode0,BNode1,[ D12O ]
20,1000,-1427.22,BNode1,BNode2,[ ]
20,1000,-1427.22,BNode2,Node0,[ O19D ]
20,1000,-1427.22,Node0,taxaB,[ O1D O2D O3D D4O O7D D8O ]
20,1000,-1427.22,BNode2,Node1,[ ]
20,1000,-1427.22,Node1,BNode3,[ ]
20,1000,-1427.22,BNode3,Node2,[ ]
20,1000,-1427.22,Node2,taxaA,[ ]
20,1000,-1427.22,BNode3,taxaC,[ O2D O6D D9O O10D O13D D14O D16O O17D ]
20,1000,-1427.22,BNode1,taxaE,[ O1D D4O O6D D8O D11O D14O D15O D16O O17D O18D ]
20,1000,-1427.22,BNode0,Node3,[ ]
20,1000,-1427.22,Node3,Node4,[ ]
20,1000,-1427.22,Node4,Node5,[ ]
20,1000,-1427.22,Node5,taxaD,[ O2D O6D D9O O10D D11O D15O O18D ]
21,1050,-1395.03,BNode0,BNode1,[ ]
21,1050,-1395.03,BNode1,BNode2,[ ]
21,1050,-1395.03,BNode2,Node0,[ O3D D18O ]
21,1050,-1395.03,Node0,taxaB,[ D6O O9D D10O O11D O14D O15D O16D D17O ]
21,1050,-1395.03,BNode2,Node1,[ ]
21,1050,-1395.03,Node1,BNode3,[ ]
21,1050,-1395.03,BNode3,Node2,[ ]
21,1050,-1395.03,Node2,taxaA,[ ]
21,1050,-1395.03,BNode3,taxaC,[ D1O O4D D7O O8D O11D O13D O15D D18O ]
21,1050,-1395.03,BNode1,taxaE,[ D2O D7O O9D D10O D19O ]
21,1050,-1395.03,BNode0,Node3,[ ]
21,1050,-1395.03,Node3,Node4,[ ]
21,1050,-1395.03,Node4,Node5,[ ]
21,1050,-1395.03,Node5,taxaD,[ D1O O4D D7O O8D O12D O14D O16D D17O D19O ]
22,1100,-1391.12,BNode0,BNode1,[ ]
22,1100,-1391.12,BNode1,BNode2,[ ]
22,1100,-1391.12,BNode2,Node0,[ O3D D18O ]
22,1100,-1391.12,Node0,taxaB,[ D6O O9D D10O O11D O14D O15D O16D D17O ]
22,1100,-1391.12,BNode2,Node1,[ ]
22,1100,-1391.12,Node1,BNode3,[ ]
22,1100,-1391.12,BNode3,Node2,[ ]
22,1100,-1391.12,Node2,taxaA,[ ]
22,1100,-1391.12,BNode3,taxaC,[ D1O O4D D7O O8D O11D O13D O15D D18O ]
22,1100,-1391.12,BNode1,taxaE,[ D2O D7O O9D D10O D19O ]
22,1100,-1391.12,BNode0,Node3,[ ]
22,1100,-1391.12,Node3,Node4,[ ]
22,1100,-1391.12,Node4,Node5,[ ]
22,1100,-1391.12,Node5,taxaD,[ D1O O4D D7O O8D O12D O14D O16D D17O D19O ]
23,1150,-1388.27,BNode0,BNode1,[ ]
23,1150,-1388.27,BNode1,BNode2,[ ]
23,1150,-1388.27,BNode2,Node0,[ O3D D18O ]
23,1150,-1388.27,Node0,taxaB,[ D6O O9D D10O O11D O14D O15D O16D D17O ]
23,1150,-1388.27,BNode2,Node1,[ ]
23,1150,-1388.27,Node1,BNode3,[ ]
23,1150,-1388.27,BNode3,Node2,[ ]
23,1150,-1388.27,Node2,taxaA,[ ]
23,1150,-1388.27,BNode3,taxaC,[ D1O O4D D7O O8D O11D O13D O15D D18O ]
23,1150,-1388.27,BNode1,taxaE,[ D2O D7O O9D D10O D19O ]
23,1150,-1388.27,BNode0,Node3,[ ]
23,1150,-1388.27,Node3,Node4,[ ]
23,1150,-1388.27,Node4,Node5,[ ]
23,1150,-1388.27,Node5,taxaD,[ D1O O4D D7O O8D O12D O14D O16D D17O D19O ]
24,1200,-1387.07,BNode0,BNode1,[ ]
24,1200,-1387.07,BNode1,BNode2,[ ]
24,1200,-1387.07,BNode2,Node0,[ O3D D18O ]
24,1200,-1387.07,Node0,taxaB,[ D6O O9D D10O O11D O14D O15D O16D D17O ]
24,1200,-1387.07,BNode2,Node1,[ ]
24,1200,-1387.07,Node1,BNode3,[ ]
24,1200,-1387.07,BNode3,Node2,[ ]
24,1200,-1387.07,Node2,taxaA,[ ]
24,1200,-1387.07,BNode3,taxaC,[ D1O O4D D7O O8D O11D O13D O15D D18O ]
24,1200,-1387.07,BNode1,taxaE,[ D2O D7O O9D D10O D19O ]
24,1200,-1387.07,BNode0,Node3,[ ]
24,1200,-1387.07,Node3,Node4,[ ]
24,1200,-1387.07,Node4,Node5,[ ]
24,1200,-1387.07,Node5,taxaD,[ D1O O4D D7O O8D O12D O14D O16D D17O D19O ]
25,1250,-1383.72,BNode0,BNode1,[ ]
25,1250,-1383.72,BNode1,BNode2,[ ]
25,1250,-1383.72,BNode2,Node0,[ O3D D18O ]
25,1250,-1383.72,Node0,taxaB,[ D6O O9D D10O O11D O14D O15D O16D D17O ]
25,1250,-1383.72,BNode2,Node1,[ ]
25,1250,-1383.72,Node1,BNode3,[ ]
25,1250,-1383.72,BNode3,Node2,[ ]
25,1250,-1383.72,Node2,taxaA,[ ]
25,1250,-1383.72,BNode3,taxaC,[ D1O O4D D7O O8D O11D O13D O15D D18O ]
25,1250,-1383.72,BNode1,taxaE,[ D2O D7O O9D D10O D19O ]
25,1250,-1383.72,BNode0,Node3,[ ]
25,1250,-1383.72,Node3,Node4,[ ]
25,1250,-1383.72,Node4,Node5,[ ]
25,1250,-1383.72,Node5,taxaD,[ D1O O4D D7O O8D O12D O14D O16D D17O D19O ]
26,1300,-1321.94,BNode0,BNode1,[ ]
26,1300,-1321.94,BNode1,BNode2,[ ]
26,1300,-1321.94,BNode2,Node0,[ O3D D18O ]
26,1300,-1321.94,Node0,taxaB,[ D6O O9D D10O O11D O14D O15D O16D D17O ]
26,1300,-1321.94,BNode2,Node1,[ ]
26,1300,-1321.94,Node1,BNode3,[ ]
26,1300,-1321.94,BNode3,Node2,[ ]
26,1300,-1321.94,Node2,taxaA,[ ]
26,1300,-1321.94,BNode3,taxaC,[ D1O O4D D7O O8D O11D O13D O15D D18O ]
26,1300,-1321.94,BNode1,taxaE,[ D2O D7O O9D D10O D19O ]
26,1300,-1321.94,BNode0,Node3,[ ]
26,1300,-1321.94,Node3,Node4,[ ]
26,1300,-1321.94,Node4,Node5,[ ]
26,1300,-1321.94,Node5,taxaD,[ D1O O4D D7O O8D O12D O14D O16D D17O D19O ]
27,1350,-1320.88,BNode0,BNode1,[ ]
27,1350,-1320.88,BNode1,BNode2,[ ]
27,1350,-1320.88,BNode2,Node0,[ O3D D18O ]
27,1350,-1320.88,Node0,taxaB,[ D6O O9D D10O O11D O14D O15D O16D D17O ]
27,1350,-1320.88,BNode2,Node1,[ ]
27,1350,-1320.88,Node1,BNode3,[ ]
27,1350,-1320.88,BNode3,Node2,[ ]
27,1350,-1320.88,Node2,taxaA,[ ]
27,1350,-1320.88,BNode3,taxaC,[ D1O O4D D7O O8D O11D O13D O15D D18O ]
27,1350,-1320.88,BNode1,taxaE,[ D2O D7O O9D D10O D19O ]
27,1350,-1320.88,BNode0,Node3,[ ]
27,1350,-1320.88,Node3,Node4,[ ]
27,1350,-1320.88,Node4,Node5,[ ]
27,1350,-1320.88,Node5,taxaD,[ D1O O4D D7O O8D O12D O14D O16D D17O D19O ]
28,1400,-1319.55,BNode0,BNode1,[ ]
28,1400,-1319.55,BNode1,BNode2,[ ]
28,1400,-1319.55,BNode2,Node0,[ O3D D18O ]
28,1400,-1319.55,Node0,taxaB,[ D6O O9D D10O O11D O14D O15D O16D D17O ]
28,1400,-1319.55,BNode2,Node1,[ ]
28,1400,-1319.55,Node1,BNode3,[ ]
28,1400,-1319.55,BNode3,Node2,[ ]
28,1400,-1319.55,Node2,taxaA,[ ]
28,1400,-1319.55,BNode3,taxaC,[ D1O O4D D7O O8D O11D O13D O15D D18O ]
28,1400,-1319.55,BNode1,taxaE,[ D2O D7O O9D D10O D19O ]
28,1400,-1319.55,BNode0,Node3,[ ]
28,1400,-1319.55,Node3,Node4,[ ]
28,1400,-1319.55,Node4,Node5,[ ]
28,1400,-1319.55,Node5,taxaD,[ D1O O4D D7O O8D O12D O14D O16D D17O D19O ]
29,1450,-1315.07,BNode0,BNode1,[ ]
29,1450,-1315.07,BNode1,BNode2,[ ]
29,1450,-1315.07,BNode2,Node0,[ O3D D18O ]
29,1450,-1315.07,Node0,taxaB,[ D6O O9D D10O O11D O14D O15D O16D D17O ]
29,1450,-1315.07,BNode2,Node1,[ ]
29,1450,-1315.07,Node1,BNode3,[ ]
29,1450,-1315.07,BNode3,Node2,[ ]
29,1450,-1315.07,Node2,taxaA,[ ]
29,1450,-1315.07,BNode3,taxaC,[ D1O O4D D7O O8D O11D O13D O15D D18O ]
29,1450,-1315.07,BNode1,taxaE,[ D2O D7O O9D D10O D19O ]
29,1450,-1315.07,BNode0,Node3,[ ]
29,1450,-1315.07,Node3,Node4,[ ]
29,1450,-1315.07,Node4,Node5,[ ]
29,1450,-1315.07,Node5,taxaD,[ D1O O4D D7O O8D O12D O14D O16D D17O D19O ]
30,1500,-1313.14,BNode0,BNode1,[ ]
30,1500,-1313.14,BNode1,BNode2,[ ]
30,1500,-1313.14,BNode2,Node0,[ O3D D18O ]
30,1500,-1313.14,Node0,taxaB,[ D6O O9D D10O O11D O14D O15D O16D D17O ]
30,1500,-1313.14,BNode2,Node1,[ ]
30,1500,-1313.14,Node1,BNode3,[ ]
30,1500,-1313.14,BNode3,Node2,[ ]
30,1500,-1313.14,Node2,taxaA,[ ]
30,1500,-1313.14,BNode3,taxaC,[ D1O O4D D7O O8D O11D O13D O15D D18O ]
30,1500,-1313.14,BNode1,taxaE,[ D2O D7O O9D D10O D19O ]
30,1500,-1313.14,BNode0,Node3,[ ]
30,1500,-1313.14,Node3,Node4,[ ]
30,1500,-1313.14,Node4,Node5,[ ]
30,1500,-1313.14,Node5,taxaD,[ D1O O4D D7O O8D O12D O14D O16D D17O D19O ]
31,1550,-1248.02,BNode0,BNode1,[ D12O ]
31,1550,-1248.02,BNode1,BNode2,[ O11D D18O ]
31,1550,-1248.02,BNode2,Node0,[ O1D D6O O7D ]
31,1550,-1248.02,Node0,taxaB,[ O2D O3D D4O D8O O19D ]
31,1550,-1248.02,BNode2,Node1,[ ]
31,1550,-1248.02,Node1,BNode3,[ ]
31,1550,-1248.02,BNode3,Node2,[ ]
31,1550,-1248.02,Node2,taxaA,[ ]
31,1550,-1248.02,BNode3,taxaC,[ O2D D9O O10D O13D D14O D16O O17D ]
31,1550,-1248.02,BNode1,taxaE,[ O1D D4O D8O D14O D15O D16O O17D ]
31,1550,-1248.02,BNode0,Node3,[ ]
31,1550,-1248.02,Node3,Node4,[ ]
31,1550,-1248.02,Node4,Node5,[ ]
31,1550,-1248.02,Node5,taxaD,[ O2D D9O O10D D15O ]
32,1600,-1244.68,BNode0,BNode1,[ D12O ]
32,1600,-1244.68,BNode1,BNode2,[ O11D D18O ]
32,1600,-1244.68,BNode2,Node0,[ O1D D6O O7D ]
32,1600,-1244.68,Node0,taxaB,[ O2D O3D D4O D8O O19D ]
32,1600,-1244.68,BNode2,Node1,[ ]
32,1600,-1244.68,Node1,BNode3,[ ]
32,1600,-1244.68,BNode3,Node2,[ ]
32,1600,-1244.68,Node2,taxaA,[ ]
32,1600,-1244.68,BNode3,taxaC,[ O2D D9O O10D O13D D14O D16O O17D ]
32,1600,-1244.68,BNode1,taxaE,[ O1D D4O D8O D14O D15O D16O O17D ]
32,1600,-1244.68,BNode0,Node3,[ ]
32,1600,-1244.68,Node3,Node4,[ ]
32,1600,-1244.68,Node4,Node5,[ ]
32,1600,-1244.68,Node5,taxaD,[ O2D D9O O10D D15O ]
33,1650,-1245.3,BNode0,BNode1,[ D12O ]
33,1650,-1245.3,BNode1,BNode2,[ O11D D18O ]
33,1650,-1245.3,BNode2,Node0,[ O1D D6O O7D ]
33,1650,-1245.3,Node0,taxaB,[ O2D O3D D4O D8O O19D ]
33,1650,-1245.3,BNode2,Node1,[ ]
33,1650,-1245.3,Node1,BNode3,[ ]
33,1650,-1245.3,BNode3,Node2,[ ]
33,1650,-1245.3,Node2,taxaA,[ ]
33,1650,-1245.3,BNode3,taxaC,[ O2D D9O O10D O13D D14O D16O O17D ]
33,1650,-1245.3,BNode1,taxaE,[ O1D D4O D8O D14O D15O D16O O17D ]
33,1650,-1245.3,BNode0,Node3,[ ]
33,1650,-1245.3,Node3,Node4,[ ]
33,1650,-1245.3,Node4,Node5,[ ]
33,1650,-1245.3,Node5,taxaD,[ O2D D9O O10D D15O ]
34,1700,-1242.61,BNode0,BNode1,[ D12O ]
34,1700,-1242.61,BNode1,BNode2,[ O11D D18O ]
34,1700,-1242.61,BNode2,Node0,[ O1D D6O O7D ]
34,1700,-1242.61,Node0,taxaB,[ O2D O3D D4O D8O O19D ]
34,1700,-1242.61,BNode2,Node1,[ ]
34,1700,-1242.61,Node1,BNode3,[ ]
34,1700,-1242.61,BNode3,Node2,[ ]
34,1700,-1242.61,Node2,taxaA,[ ]
34,1700,-1242.61,BNode3,taxaC,[ O2D D9O O10D O13D D14O D16O O17D ]
34,1700,-1242.61,BNode1,taxaE,[ O1D D4O D8O D14O D15O D16O O17D ]
34,1700,-1242.61,BNode0,Node3,[ ]
34,1700,-1242.61,Node3,Node4,[ ]
34,1700,-1242.61,Node4,Node5,[ ]
34,1700,-1242.61,Node5,taxaD,[ O2D D9O O10D D15O ]
35,1750,-1239.61,BNode0,BNode1,[ D12O ]
35,1750,-1239.61,BNode1,BNode2,[ O11D D18O ]
35,1750,-1239.61,BNode2,Node0,[ O1D D6O O7D ]
35,1750,-1239.61,Node0,taxaB,[ O2D O3D D4O D8O O19D ]
35,1750,-1239.61,BNode2,Node1,[ ]
35,1750,-1239.61,Node1,BNode3,[ ]
35,1750,-1239.61,BNode3,Node2,[ ]
35,1750,-1239.61,Node2,taxaA,[ ]
35,1750,-1239.61,BNode3,taxaC,[ O2D D9O O10D O13D D14O D16O O17D ]
35,1750,-1239.61,BNode1,taxaE,[ O1D D4O D8O D14O D15O D16O O17D ]
35,1750,-1239.61,BNode0,Node3,[ ]
35,1750,-1239.61,Node3,Node4,[ ]
35,1750,-1239.61,Node4,Node5,[ ]
35,1750,-1239.61,Node5,taxaD,[ O2D D9O O10D D15O ]
36,1800,-1278.98,BNode0,BNode1,[ D12O ]
36,1800,-1278.98,BNode1,BNode2,[ O11D D18O ]
36,1800,-1278.98,BNode2,Node0,[ O1D D6O O7D ]
36,1800,-1278.98,Node0,taxaB,[ O2D O3D D4O D8O O19D ]
36,1800,-1278.98,BNode2,Node1,[ ]
36,1800,-1278.98,Node1,BNode3,[ ]
36,1800,-1278.98,BNode3,Node2,[ ]
36,1800,-1278.98,Node2,taxaA,[ ]
36,1800,-1278.98,BNode3,taxaC,[ O2D D9O O10D O13D D14O D16O O17D ]
36,1800,-1278.98,BNode1,taxaE,[ O1D D4O D8O D14O D15O D16O O17D ]
36,1800,-1278.98,BNode0,Node3,[ ]
36,1800,-1278.98,Node3,Node4,[ ]
36,1800,-1278.98,Node4,Node5,[ ]
36,1800,-1278.98,Node5,taxaD,[ O2D D9O O10D D15O ]
37,1850,-1278.3,BNode0,BNode1,[ D12O ]
37,1850,-1278.3,BNode1,BNode2,[ O11D D18O ]
37,1850,-1278.3,BNode2,Node0,[ O1D D6O O7D ]
37,1850,-1278.3,Node0,taxaB,[ O2D O3D D4O D8O O19D ]
37,1850,-1278.3,BNode2,Node1,[ ]
37,1850,-1278.3,Node1,BNode3,[ ]
37,1850,-1278.3,BNode3,Node2,[ ]
37,1850,-1278.3,Node2,taxaA,[ ]
37,1850,-1278.3,BNode3,taxaC,[ O2D D9O O10D O13D D14O D16O O17D ]
37,1850,-1278.3,BNode1,taxaE,[ O1D D4O D8O D14O D15O D16O O17D ]
37,1850,-1278.3,BNode0,Node3,[ ]
37,1850,-1278.3,Node3,Node4,[ ]
37,1850,-1278.3,Node4,Node5,[ ]
37,1850,-1278.3,Node5,taxaD,[ O2D D9O O10D D15O ]
38,1900,-1278.75,BNode0,BNode1,[ D12O ]
38,1900,-1278.75,BNode1,BNode2,[ O11D D18O ]
38,1900,-1278.75,BNode2,Node0,[ O1D D6O O7D ]
38,1900,-1278.75,Node0,taxaB,[ O2D O3D D4O D8O O19D ]
38,1900,-1278.75,BNode2,Node1,[ ]
38,1900,-1278.75,Node1,BNode3,[ ]
38,1900,-1278.75,BNode3,Node2,[ ]
38,1900,-1278.75,Node2,taxaA,[ ]
38,1900,-1278.75,BNode3,taxaC,[ O2D D9O O10D O13D D14O D16O O17D ]
38,1900,-1278.75,BNode1,taxaE,[ O1D D4O D8O D14O D15O D16O O17D ]
38,1900,-1278.75,BNode0,Node3,[ ]
38,1900,-1278.75,Node3,Node4,[ ]
38,1900,-1278.75,Node4,Node5,[ ]
38,1900,-1278.75,Node5,taxaD,[ O2D D9O O10D D15O ]
39,1950,-1278.59,BNode0,BNode1,[ D12O ]
39,1950,-1278.59,BNode1,BNode2,[ O11D D18O ]
39,1950,-1278.59,BNode2,Node0,[ O1D D6O O7D ]
39,1950,-1278.59,Node0,taxaB,[ O2D O3D D4O D8O O19D ]
39,1950,-1278.59,BNode2,Node1,[ ]
39,1950,-1278.59,Node1,BNode3,[ ]
39,1950,-1278.59,BNode3,Node2,[ ]
39,1950,-1278.59,Node2,taxaA,[ ]
39,1950,-1278.59,BNode3,taxaC,[ O2D D9O O10D O13D D14O D16O O17D ]
39,1950,-1278.59,BNode1,taxaE,[ O1D D4O D8O D14O D15O D16O O17D ]
39,1950,-1278.59,BNode0,Node3,[ ]
39,1950,-1278.59,Node3,Node4,[ ]
39,1950,-1278.59,Node4,Node5,[ ]
39,1950,-1278.59,Node5,taxaD,[ O2D D9O O10D D15O ]
40,2000,-1278.05,BNode0,BNode1,[ D12O ]
40,2000,-1278.05,BNode1,BNode2,[ O11D D18O ]
40,2000,-1278.05,BNode2,Node0,[ O1D D6O O7D ]
40,2000,-1278.05,Node0,taxaB,[ O2D O3D D4O D8O O19D ]
40,2000,-1278.05,BNode2,Node1,[ ]
40,2000,-1278.05,Node1,BNode3,[ ]
40,2000,-1278.05,BNode3,Node2,[ ]
40,2000,-1278.05,Node2,taxaA,[ ]
40,2000,-1278.05,BNode3,taxaC,[ O2D D9O O10D O13D D14O D16O O17D ]
40,2000,-1278.05,BNode1,taxaE,[ O1D D4O D8O D14O D15O D16O O17D ]
40,2000,-1278.05,BNode0,Node3,[ ]
40,2000,-1278.05,Node3,Node4,[ ]
40,2000,-1278.05,Node4,Node5,[ ]
40,2000,-1278.05,Node5,taxaD,[ O2D D9O O10D D15O ]
