I,GEN,LogL,Ancestral,Decendant,Substitutions
0,0,-656.617,BNode0,BNode1,[ a1t t3t* a6a* t7a g9g* t10t* t11t* g14t a15a* t18c t19t* ]
0,0,-656.617,BNode1,BNode2,[ t0t* t1t* c2c* t3t* t5t* t8a g9t t10c a12a* t14t* a15a* a17a* t19t* ]
0,0,-656.617,BNode2,taxaB,[ t1t* t4t* a6g t9t* a12c a13a* t14t* a17a* c18t ]
0,0,-656.617,BNode2,BNode3,[ t0g t1t* c2g t3t* t5t* a6c t9t* c10c* t11g a12t a13c c18c* t19t* ]
0,0,-656.617,BNode3,taxaA,[ g0a t1a g2g* t3c a8a* c10c* g11a t12t* t14t* a15g t16g a17c t19c ]
0,0,-656.617,BNode3,taxaC,[ g0g* t3g t4g t5g c6c* a7t a8c t9c c10t g11g* c13g t14c a15a* t16t* a17a* c18c* t19t* ]
0,0,-656.617,BNode1,taxaE,[ t0t* t1t* c2t t3t* t4c t5t* a6a* a7c t8t* t11t* a13a* t14t* a15c t16t* a17g c18c* t19c ]
0,0,-656.617,BNode0,Node0,[ t0t* a1a* c2c* t3t* t4t* t5a a6a* t7t* t10a t11a a12a* a13a* g14g* a15a* t16g a17a* t18t* ]
0,0,-656.617,Node0,taxaD,[ t0t* a1a* a5a* t7t* g9a a10a* a11a* a12a* a13t a15a* g16g* a17t t18t* ]
1,100,-573.78,BNode0,BNode1,[ a1t t3t* a6a* t7a g9g* t10t* t11t* g14t a15a* t18c t19t* ]
1,100,-573.78,BNode1,BNode2,[ t0t* t1t* c2c* t3t* t5t* t8a g9t t10c a12a* t14t* a15a* a17a* t19t* ]
1,100,-573.78,BNode2,taxaB,[ t1t* t4t* a6g t9t* a12c a13a* t14t* a17a* c18t ]
1,100,-573.78,BNode2,BNode3,[ t0g t1t* c2g t3t* t5t* a6c t9t* c10c* t11g a12t a13c c18c* t19t* ]
1,100,-573.78,BNode3,taxaA,[ g0a t1a g2g* t3c a8a* c10c* g11a t12t* t14t* a15g t16g a17c t19c ]
1,100,-573.78,BNode3,taxaC,[ g0g* t3g t4g t5g c6c* a7t a8c t9c c10t g11g* c13g t14c a15a* t16t* a17a* c18c* t19t* ]
1,100,-573.78,BNode1,taxaE,[ t0t* t1t* c2t t3t* t4c t5t* a6a* a7c t8t* t11t* a13a* t14t* a15c t16t* a17g c18c* t19c ]
1,100,-573.78,BNode0,Node0,[ t0t* a1a* c2c* t3t* t4t* t5a a6a* t7t* t10a t11a a12a* a13a* g14g* a15a* t16g a17a* t18t* ]
1,100,-573.78,Node0,taxaD,[ t0t* a1a* a5a* t7t* g9a a10a* a11a* a12a* a13t a15a* g16g* a17t t18t* ]
2,200,-514.182,BNode0,BNode1,[ a6a* t7t* g9g* a11t a15a* g16t c18c* ]
2,200,-514.182,BNode1,BNode2,[ t1t* t3t* t4t* t7a t8a g9t a12c a13a* t14t* a15a* t16t* a17a* c18c* t19t* ]
2,200,-514.182,BNode2,taxaB,[ t0t* c2c* a6g a7a* t9t* t11t* a13a* a15a* t16t* a17a* c18t ]
2,200,-514.182,BNode2,BNode3,[ t0a t1t* c2g t3c t4t* t5t* a6c t9t* c12t a13c a15a* a17a* c18c* t19t* ]
2,200,-514.182,BNode3,taxaA,[ a0a* t1a t4t* c6c* a7a* a8a* t9t* t11a c13c* a15g t16g a17c t19c ]
2,200,-514.182,BNode3,taxaC,[ a0g c3g t4g t5g c6c* a7t a8c t9c c10t t11g c13g t14c a15a* t16t* t19t* ]
2,200,-514.182,BNode1,taxaE,[ t0t* t1t* c2t t4c t5t* a6a* t7c t8t* g9g* c10t a15c t16t* a17g c18c* t19c ]
2,200,-514.182,BNode0,Node0,[ t1a c2c* t3t* t5a t7t* g9g* a12a* a13t t14g a17a* c18t ]
2,200,-514.182,Node0,taxaD,[ a5a* g9a c10a a12a* t13t* g14g* g16g* a17t t18t* t19t* ]
3,300,-502.726,BNode0,BNode1,[ a6a* t7t* g9g* a11t a15a* g16t c18c* ]
3,300,-502.726,BNode1,BNode2,[ t1t* t3t* t4t* t7a t8a g9t a12c a13a* t14t* a15a* t16t* a17a* c18c* t19t* ]
3,300,-502.726,BNode2,taxaB,[ t0t* c2c* a6g a7a* t9t* t11t* a13a* a15a* t16t* a17a* c18t ]
3,300,-502.726,BNode2,BNode3,[ t0a t1t* c2g t3c t4t* t5t* a6c t9t* c12t a13c a15a* a17a* c18c* t19t* ]
3,300,-502.726,BNode3,taxaA,[ a0a* t1a t4t* c6c* a7a* a8a* t9t* t11a c13c* a15g t16g a17c t19c ]
3,300,-502.726,BNode3,taxaC,[ a0g c3g t4g t5g c6c* a7t a8c t9c c10t t11g c13g t14c a15a* t16t* t19t* ]
3,300,-502.726,BNode1,taxaE,[ t0t* t1t* c2t t4c t5t* a6a* t7c t8t* g9g* c10t a15c t16t* a17g c18c* t19c ]
3,300,-502.726,BNode0,Node0,[ t1a c2c* t3t* t5a t7t* g9g* a12a* a13t t14g a17a* c18t ]
3,300,-502.726,Node0,taxaD,[ a5a* g9a c10a a12a* t13t* g14g* g16g* a17t t18t* t19t* ]
4,400,-471.439,BNode0,BNode1,[ t1t* t3t* t4t* a5t t7c a11t a12a* a13a* t14t* g16t a17a* t18c ]
4,400,-471.439,BNode1,BNode2,[ t5t* a6c c7a t8a g9t t11t* a12t t16t* a17a* ]
4,400,-471.439,BNode2,taxaB,[ t0t* t1t* c6g a8a* t12c a17a* c18t t19t* ]
4,400,-471.439,BNode2,BNode3,[ t0t* t1t* c2g t3g c6c* a7a* a8a* t11g a13g t14t* t16t* t19t* ]
4,400,-471.439,BNode3,taxaA,[ t0a t1a g2g* g3c a8a* g11a t12t* g13c t14t* a15g t16g a17c t19c ]
4,400,-471.439,BNode3,taxaC,[ t0g g3g* t4g t5g a7t a8c t9c c10t t14c a15a* c18c* ]
4,400,-471.439,BNode1,taxaE,[ t0t* c2t t3t* t4c c10t t11t* a12a* a13a* t14t* a15c a17g c18c* t19c ]
4,400,-471.439,BNode0,Node0,[ t1a c2c* t3t* t4t* t8t* g9a a11a* a13a* t14g a15a* a17t t19t* ]
4,400,-471.439,Node0,taxaD,[ a1a* t3t* a6a* t7t* t8t* a9a* c10a a11a* a12a* a13t t17t* ]
5,500,-472.959,BNode0,BNode1,[ t1t* t3t* t4t* a5t t7c a11t a12a* a13a* t14t* g16t a17a* t18c ]
5,500,-472.959,BNode1,BNode2,[ t5t* a6c c7a t8a g9t t11t* a12t t16t* a17a* ]
5,500,-472.959,BNode2,taxaB,[ t0t* t1t* c6g a8a* t12c a17a* c18t t19t* ]
5,500,-472.959,BNode2,BNode3,[ t0t* t1t* c2g t3g c6c* a7a* a8a* t11g a13g t14t* t16t* t19t* ]
5,500,-472.959,BNode3,taxaA,[ t0a t1a g2g* g3c a8a* g11a t12t* g13c t14t* a15g t16g a17c t19c ]
5,500,-472.959,BNode3,taxaC,[ t0g g3g* t4g t5g a7t a8c t9c c10t t14c a15a* c18c* ]
5,500,-472.959,BNode1,taxaE,[ t0t* c2t t3t* t4c c10t t11t* a12a* a13a* t14t* a15c a17g c18c* t19c ]
5,500,-472.959,BNode0,Node0,[ t1a c2c* t3t* t4t* t8t* g9a a11a* a13a* t14g a15a* a17t t19t* ]
5,500,-472.959,Node0,taxaD,[ a1a* t3t* a6a* t7t* t8t* a9a* c10a a11a* a12a* a13t t17t* ]
6,600,-504.528,BNode0,BNode1,[ a1t t3t* t5t* a6a* a7c a11t a12a* c18c* ]
6,600,-504.528,BNode1,BNode2,[ t0t* t1t* t2g t3t* t4t* c7a t8a t9t* a12c t16t* g17a c18c* t19t* ]
6,600,-504.528,BNode2,taxaB,[ t0t* g2c t5t* a6g a7a* c12c* a13a* t16t* c18t t19t* ]
6,600,-504.528,BNode2,BNode3,[ t0a t1t* t3c t5t* a6c a8a* t9t* c10c* t11g c12t a13c t14t* a15a* t16a c18c* ]
6,600,-504.528,BNode3,taxaA,[ t1a g2g* a8a* t9t* c10c* g11a t12t* t14t* a15g a16g a17c t19c ]
6,600,-504.528,BNode3,taxaC,[ a0g t1t* g2g* c3g t4g t5g c6c* a7t a8c t9c c10t c13g t14c a16t ]
6,600,-504.528,BNode1,taxaE,[ t0t* t2t* t3t* t4c a6a* c7c* t8t* t9g c10t a12a* t14t* a15c g17g* t19c ]
6,600,-504.528,BNode0,Node0,[ a1a* t2c t3t* t4t* a6a* a7a* t9t* c10a a13t a15a* t16t* c18c* ]
6,600,-504.528,Node0,taxaD,[ c2c* t5a a6a* a7t t9a a10a* a11a* t13t* t14g a15a* t16g g17t c18t ]
7,700,-501.225,BNode0,BNode1,[ a1t t3t* t5t* a6a* a7c a11t a12a* c18c* ]
7,700,-501.225,BNode1,BNode2,[ t0t* t1t* t2g t3t* t4t* c7a t8a t9t* a12c t16t* g17a c18c* t19t* ]
7,700,-501.225,BNode2,taxaB,[ t0t* g2c t5t* a6g a7a* c12c* a13a* t16t* c18t t19t* ]
7,700,-501.225,BNode2,BNode3,[ t0a t1t* t3c t5t* a6c a8a* t9t* c10c* t11g c12t a13c t14t* a15a* t16a c18c* ]
7,700,-501.225,BNode3,taxaA,[ t1a g2g* a8a* t9t* c10c* g11a t12t* t14t* a15g a16g a17c t19c ]
7,700,-501.225,BNode3,taxaC,[ a0g t1t* g2g* c3g t4g t5g c6c* a7t a8c t9c c10t c13g t14c a16t ]
7,700,-501.225,BNode1,taxaE,[ t0t* t2t* t3t* t4c a6a* c7c* t8t* t9g c10t a12a* t14t* a15c g17g* t19c ]
7,700,-501.225,BNode0,Node0,[ a1a* t2c t3t* t4t* a6a* a7a* t9t* c10a a13t a15a* t16t* c18c* ]
7,700,-501.225,Node0,taxaD,[ c2c* t5a a6a* a7t t9a a10a* a11a* t13t* t14g a15a* t16g g17t c18t ]
8,800,-441.237,BNode0,BNode1,[ a1t t3t* t4t* a7a* t8t* t9t* c10c* a12a* ]
8,800,-441.237,BNode1,BNode2,[ t0t* t5t* a6g t8a t9t* t11t* a12t a15a* g17a ]
8,800,-441.237,BNode2,taxaB,[ t1t* a8a* c10c* t12c a13a* a15a* t16t* a17a* c18t ]
8,800,-441.237,BNode2,BNode3,[ t0a c2g t3g t4t* g6c a8a* t9t* t11a a13c a15a* a17a* t19t* ]
8,800,-441.237,BNode3,taxaA,[ t1a g3c c6c* t12t* c13c* t14t* a15g t16g a17c c18c* t19c ]
8,800,-441.237,BNode3,taxaC,[ a0g g2g* g3g* t4g t5g a7t a8c t9c c10t a11g c13g t14c c18c* t19t* ]
8,800,-441.237,BNode1,taxaE,[ t0t* c2t t3t* t4c t5t* a7c t8t* t9g c10t a12a* t14t* a15c g17g* t19c ]
8,800,-441.237,BNode0,Node0,[ t0t* a1a* t5a c10a t11t* a13t t14g a15a* t16g ]
8,800,-441.237,Node0,taxaD,[ a1a* t4t* a5a* a6a* a7t t9a t11a g16g* g17t c18t ]
9,900,-438.931,BNode0,BNode1,[ a1t t3t* t4t* a7a* t8t* t9t* c10c* a12a* ]
9,900,-438.931,BNode1,BNode2,[ t0t* t5t* a6g t8a t9t* t11t* a12t a15a* g17a ]
9,900,-438.931,BNode2,taxaB,[ t1t* a8a* c10c* t12c a13a* a15a* t16t* a17a* c18t ]
9,900,-438.931,BNode2,BNode3,[ t0a c2g t3g t4t* g6c a8a* t9t* t11a a13c a15a* a17a* t19t* ]
9,900,-438.931,BNode3,taxaA,[ t1a g3c c6c* t12t* c13c* t14t* a15g t16g a17c c18c* t19c ]
9,900,-438.931,BNode3,taxaC,[ a0g g2g* g3g* t4g t5g a7t a8c t9c c10t a11g c13g t14c c18c* t19t* ]
9,900,-438.931,BNode1,taxaE,[ t0t* c2t t3t* t4c t5t* a7c t8t* t9g c10t a12a* t14t* a15c g17g* t19c ]
9,900,-438.931,BNode0,Node0,[ t0t* a1a* t5a c10a t11t* a13t t14g a15a* t16g ]
9,900,-438.931,Node0,taxaD,[ a1a* t4t* a5a* a6a* a7t t9a t11a g16g* g17t c18t ]
10,1000,-465.292,BNode0,BNode1,[ t0t* t4t* t5t* a6a* t8t* t9t* t10t* t11t* t13a t14t* t16t* g17g* c18c* ]
10,1000,-465.292,BNode1,BNode2,[ t0t* c2c* t4t* a6a* a7a* t8a t10c a12t a13a* g17a c18c* t19t* ]
10,1000,-465.292,BNode2,taxaB,[ t1t* c2c* t3t* a6g a7a* t9t* c10c* t12c a15a* t16t* c18t ]
10,1000,-465.292,BNode2,BNode3,[ t0g t1t* c2g t3t* a6c a7a* t11t* a13c t14t* a15a* a17a* t19t* ]
10,1000,-465.292,BNode3,taxaA,[ g0a t1a t3c t4t* t5t* c6c* a7a* c10c* t11a c13c* a15g t16g a17c t19c ]
10,1000,-465.292,BNode3,taxaC,[ t1t* t3g t4g t5g a7t a8c t9c c10t t11g t12t* c13g t14c a15a* a17a* ]
10,1000,-465.292,BNode1,taxaE,[ c2t t4c a7c t9g a13a* a15c c18c* t19c ]
10,1000,-465.292,BNode0,Node0,[ t0t* t5t* a6a* a7a* t8t* t9a t11a t14g t16g g17g* c18t ]
10,1000,-465.292,Node0,taxaD,[ t1a t4t* t5a a7t t8t* t10a t13t* g16g* g17t t18t* ]
